[0.028s] Invoking command in '/sbx/ros2/build/serial': CMAKE_PREFIX_PATH=${CMAKE_PREFIX_PATH}:/opt/ros/humble /usr/bin/cmake --build /sbx/ros2/build/serial -- -j4 -l4
[0.150s] [35m[1mConsolidate compiler generated dependencies of target serial[0m
[0.155s] [35m[1mConsolidate compiler generated dependencies of target gtest_main[0m
[0.164s] [35m[1mConsolidate compiler generated dependencies of target gtest[0m
[0.218s] [ 28%] Built target serial
[0.230s] [ 42%] Built target gtest
[0.238s] [ 57%] Built target gtest_main
[0.268s] [35m[1mConsolidate compiler generated dependencies of target serial_example[0m
[0.268s] [35m[1mConsolidate compiler generated dependencies of target serial-test-timer[0m
[0.268s] [35m[1mConsolidate compiler generated dependencies of target serial-test[0m
[0.308s] [ 71%] Built target serial-test-timer
[0.324s] [ 85%] Built target serial_example
[0.331s] [100%] Built target serial-test
[0.369s] Invoked command in '/sbx/ros2/build/serial' returned '0': CMAKE_PREFIX_PATH=${CMAKE_PREFIX_PATH}:/opt/ros/humble /usr/bin/cmake --build /sbx/ros2/build/serial -- -j4 -l4
[0.370s] Invoking command in '/sbx/ros2/build/serial': CMAKE_PREFIX_PATH=${CMAKE_PREFIX_PATH}:/opt/ros/humble /usr/bin/cmake --install /sbx/ros2/build/serial
[0.396s] -- Install configuration: ""
[0.398s] -- Execute custom install script
[0.398s] -- Up-to-date symlink: /sbx/ros2/install/serial/lib/libserial.a
[0.398s] -- Up-to-date symlink: /sbx/ros2/install/serial/include/serial/serial.h
[0.399s] -- Up-to-date symlink: /sbx/ros2/install/serial/include/serial/v8stdint.h
[0.399s] -- Up-to-date symlink: /sbx/ros2/install/serial/share/serial/environment/library_path.sh
[0.399s] -- Up-to-date symlink: /sbx/ros2/install/serial/share/serial/environment/library_path.dsv
[0.399s] -- Up-to-date symlink: /sbx/ros2/install/serial/share/ament_index/resource_index/package_run_dependencies/serial
[0.400s] -- Up-to-date symlink: /sbx/ros2/install/serial/share/ament_index/resource_index/parent_prefix_path/serial
[0.400s] -- Up-to-date symlink: /sbx/ros2/install/serial/share/serial/environment/ament_prefix_path.sh
[0.400s] -- Up-to-date symlink: /sbx/ros2/install/serial/share/serial/environment/ament_prefix_path.dsv
[0.400s] -- Up-to-date symlink: /sbx/ros2/install/serial/share/serial/environment/path.sh
[0.401s] -- Up-to-date symlink: /sbx/ros2/install/serial/share/serial/environment/path.dsv
[0.402s] -- Up-to-date symlink: /sbx/ros2/install/serial/share/serial/local_setup.bash
[0.402s] -- Up-to-date symlink: /sbx/ros2/install/serial/share/serial/local_setup.sh
[0.403s] -- Up-to-date symlink: /sbx/ros2/install/serial/share/serial/local_setup.zsh
[0.403s] -- Up-to-date symlink: /sbx/ros2/install/serial/share/serial/local_setup.dsv
[0.403s] -- Symlinking: /sbx/ros2/install/serial/share/serial/package.dsv
[0.422s] -- Up-to-date symlink: /sbx/ros2/install/serial/share/ament_index/resource_index/packages/serial
[0.422s] -- Up-to-date symlink: /sbx/ros2/install/serial/share/serial/cmake/ament_cmake_export_include_directories-extras.cmake
[0.422s] -- Up-to-date symlink: /sbx/ros2/install/serial/share/serial/cmake/ament_cmake_export_libraries-extras.cmake
[0.423s] -- Up-to-date symlink: /sbx/ros2/install/serial/share/serial/cmake/serialConfig.cmake
[0.423s] -- Up-to-date symlink: /sbx/ros2/install/serial/share/serial/cmake/serialConfig-version.cmake
[0.424s] -- Up-to-date symlink: /sbx/ros2/install/serial/share/serial/package.xml
[0.472s] Invoked command in '/sbx/ros2/build/serial' returned '0': CMAKE_PREFIX_PATH=${CMAKE_PREFIX_PATH}:/opt/ros/humble /usr/bin/cmake --install /sbx/ros2/build/serial
