[0.028s] Invoking command in '/sbx/ros2/build/articubot_one': CMAKE_PREFIX_PATH=${CMAKE_PREFIX_PATH}:/opt/ros/humble /usr/bin/cmake --build /sbx/ros2/build/articubot_one -- -j4 -l4
[0.143s] Invoked command in '/sbx/ros2/build/articubot_one' returned '0': CMAKE_PREFIX_PATH=${CMAKE_PREFIX_PATH}:/opt/ros/humble /usr/bin/cmake --build /sbx/ros2/build/articubot_one -- -j4 -l4
[0.169s] Invoking command in '/sbx/ros2/build/articubot_one': CMAKE_PREFIX_PATH=${CMAKE_PREFIX_PATH}:/opt/ros/humble /usr/bin/cmake --install /sbx/ros2/build/articubot_one
[0.202s] -- Install configuration: ""
[0.204s] -- Execute custom install script
[0.207s] -- Up-to-date symlink: /sbx/ros2/install/articubot_one/share/articubot_one/config/ball_tracker_params_robot.yaml
[0.207s] -- Up-to-date symlink: /sbx/ros2/install/articubot_one/share/articubot_one/config/ball_tracker_params_sim.yaml
[0.208s] -- Up-to-date symlink: /sbx/ros2/install/articubot_one/share/articubot_one/config/cyclone.xml
[0.208s] -- Up-to-date symlink: /sbx/ros2/install/articubot_one/share/articubot_one/config/drive_bot.rviz
[0.208s] -- Up-to-date symlink: /sbx/ros2/install/articubot_one/share/articubot_one/config/empty.yaml
[0.209s] -- Up-to-date symlink: /sbx/ros2/install/articubot_one/share/articubot_one/config/gaz_ros2_ctl_use_sim.yaml
[0.209s] -- Up-to-date symlink: /sbx/ros2/install/articubot_one/share/articubot_one/config/gazebo_params.yaml
[0.209s] -- Up-to-date symlink: /sbx/ros2/install/articubot_one/share/articubot_one/config/joystick.yaml
[0.210s] -- Up-to-date symlink: /sbx/ros2/install/articubot_one/share/articubot_one/config/main.rviz
[0.210s] -- Up-to-date symlink: /sbx/ros2/install/articubot_one/share/articubot_one/config/map.rviz
[0.210s] -- Up-to-date symlink: /sbx/ros2/install/articubot_one/share/articubot_one/config/mapper_params_online_async.yaml
[0.211s] -- Up-to-date symlink: /sbx/ros2/install/articubot_one/share/articubot_one/config/my_controllers.yaml
[0.212s] -- Up-to-date symlink: /sbx/ros2/install/articubot_one/share/articubot_one/config/nav2_params.yaml
[0.212s] -- Up-to-date symlink: /sbx/ros2/install/articubot_one/share/articubot_one/config/twist_mux.yaml
[0.213s] -- Up-to-date symlink: /sbx/ros2/install/articubot_one/share/articubot_one/config/view_bot.rviz
[0.213s] -- Up-to-date symlink: /sbx/ros2/install/articubot_one/share/articubot_one/description/camera.xacro
[0.213s] -- Up-to-date symlink: /sbx/ros2/install/articubot_one/share/articubot_one/description/depth_camera.xacro
[0.214s] -- Up-to-date symlink: /sbx/ros2/install/articubot_one/share/articubot_one/description/face.xacro
[0.214s] -- Up-to-date symlink: /sbx/ros2/install/articubot_one/share/articubot_one/description/gazebo_control.xacro
[0.214s] -- Up-to-date symlink: /sbx/ros2/install/articubot_one/share/articubot_one/description/inertial_macros.xacro
[0.215s] -- Up-to-date symlink: /sbx/ros2/install/articubot_one/share/articubot_one/description/lidar.xacro
[0.215s] -- Up-to-date symlink: /sbx/ros2/install/articubot_one/share/articubot_one/description/robot.urdf.xacro
[0.215s] -- Up-to-date symlink: /sbx/ros2/install/articubot_one/share/articubot_one/description/robot_core.xacro
[0.216s] -- Up-to-date symlink: /sbx/ros2/install/articubot_one/share/articubot_one/description/ros2_control.xacro
[0.218s] [33mCMake Warning (dev) at ament_cmake_symlink_install/ament_cmake_symlink_install.cmake:62 (file):
[0.219s]   Policy CMP0009 is not set: FILE GLOB_RECURSE calls should not follow
[0.219s]   symlinks by default.  Run "cmake --help-policy CMP0009" for policy details.
[0.219s]   Use the cmake_policy command to set the policy and suppress this warning.
[0.220s] Call Stack (most recent call first):
[0.220s]   ament_cmake_symlink_install/ament_cmake_symlink_install.cmake:314 (ament_cmake_symlink_install_directory)
[0.220s] -- Up-to-date symlink: /sbx/ros2/install/articubot_one/share/articubot_one/launch/__pycache__/real_mapping.launch.cpython-310.pyc
[0.220s]   cmake_install.cmake:46 (include)
[0.220s] This warning is for project developers.  Use -Wno-dev to suppress it.
[0.220s] [0m
[0.221s] -- Up-to-date symlink: /sbx/ros2/install/articubot_one/share/articubot_one/launch/ball_tracker.launch.py
[0.221s] -- Up-to-date symlink: /sbx/ros2/install/articubot_one/share/articubot_one/launch/build/.built_by
[0.221s] -- Up-to-date symlink: /sbx/ros2/install/articubot_one/share/articubot_one/launch/build/COLCON_IGNORE
[0.221s] -- Up-to-date symlink: /sbx/ros2/install/articubot_one/share/articubot_one/launch/camera.launch.py
[0.222s] -- Up-to-date symlink: /sbx/ros2/install/articubot_one/share/articubot_one/launch/install/.colcon_install_layout
[0.222s] -- Up-to-date symlink: /sbx/ros2/install/articubot_one/share/articubot_one/launch/install/COLCON_IGNORE
[0.222s] -- Up-to-date symlink: /sbx/ros2/install/articubot_one/share/articubot_one/launch/install/_local_setup_util_ps1.py
[0.222s] -- Up-to-date symlink: /sbx/ros2/install/articubot_one/share/articubot_one/launch/install/_local_setup_util_sh.py
[0.223s] -- Up-to-date symlink: /sbx/ros2/install/articubot_one/share/articubot_one/launch/install/local_setup.bash
[0.223s] -- Up-to-date symlink: /sbx/ros2/install/articubot_one/share/articubot_one/launch/install/local_setup.ps1
[0.224s] -- Up-to-date symlink: /sbx/ros2/install/articubot_one/share/articubot_one/launch/install/local_setup.sh
[0.224s] -- Up-to-date symlink: /sbx/ros2/install/articubot_one/share/articubot_one/launch/install/local_setup.zsh
[0.224s] -- Up-to-date symlink: /sbx/ros2/install/articubot_one/share/articubot_one/launch/install/setup.bash
[0.225s] -- Up-to-date symlink: /sbx/ros2/install/articubot_one/share/articubot_one/launch/install/setup.ps1
[0.225s] -- Up-to-date symlink: /sbx/ros2/install/articubot_one/share/articubot_one/launch/install/setup.sh
[0.225s] -- Up-to-date symlink: /sbx/ros2/install/articubot_one/share/articubot_one/launch/install/setup.zsh
[0.225s] -- Up-to-date symlink: /sbx/ros2/install/articubot_one/share/articubot_one/launch/joystick.launch.py
[0.226s] -- Up-to-date symlink: /sbx/ros2/install/articubot_one/share/articubot_one/launch/launch_robot.launch.py
[0.226s] -- Up-to-date symlink: /sbx/ros2/install/articubot_one/share/articubot_one/launch/launch_sim.launch.py
[0.226s] -- Up-to-date symlink: /sbx/ros2/install/articubot_one/share/articubot_one/launch/localization_launch.py
[0.227s] -- Up-to-date symlink: /sbx/ros2/install/articubot_one/share/articubot_one/launch/log/COLCON_IGNORE
[0.227s] -- Up-to-date symlink: /sbx/ros2/install/articubot_one/share/articubot_one/launch/log/build_2025-05-07_00-41-40/events.log
[0.228s] -- Up-to-date symlink: /sbx/ros2/install/articubot_one/share/articubot_one/launch/log/build_2025-05-07_00-41-40/logger_all.log
[0.228s] -- Up-to-date symlink: /sbx/ros2/install/articubot_one/share/articubot_one/launch/log/latest/events.log
[0.228s] -- Up-to-date symlink: /sbx/ros2/install/articubot_one/share/articubot_one/launch/log/latest/logger_all.log
[0.229s] -- Up-to-date symlink: /sbx/ros2/install/articubot_one/share/articubot_one/launch/log/latest_build/events.log
[0.229s] -- Up-to-date symlink: /sbx/ros2/install/articubot_one/share/articubot_one/launch/log/latest_build/logger_all.log
[0.229s] -- Up-to-date symlink: /sbx/ros2/install/articubot_one/share/articubot_one/launch/navigation_launch.py
[0.230s] -- Up-to-date symlink: /sbx/ros2/install/articubot_one/share/articubot_one/launch/online_async_launch.py
[0.230s] -- Up-to-date symlink: /sbx/ros2/install/articubot_one/share/articubot_one/launch/real_mapping.launch.py
[0.230s] -- Up-to-date symlink: /sbx/ros2/install/articubot_one/share/articubot_one/launch/rplidar.launch.py
[0.230s] -- Up-to-date symlink: /sbx/ros2/install/articubot_one/share/articubot_one/launch/rsp.launch.py
[0.231s] -- Up-to-date symlink: /sbx/ros2/install/articubot_one/share/articubot_one/worlds/empty.world
[0.231s] -- Up-to-date symlink: /sbx/ros2/install/articubot_one/share/articubot_one/worlds/obstacles.world
[0.232s] -- Up-to-date symlink: /sbx/ros2/install/articubot_one/share/ament_index/resource_index/package_run_dependencies/articubot_one
[0.233s] -- Up-to-date symlink: /sbx/ros2/install/articubot_one/share/ament_index/resource_index/parent_prefix_path/articubot_one
[0.233s] -- Up-to-date symlink: /sbx/ros2/install/articubot_one/share/articubot_one/environment/ament_prefix_path.sh
[0.234s] -- Up-to-date symlink: /sbx/ros2/install/articubot_one/share/articubot_one/environment/ament_prefix_path.dsv
[0.234s] -- Up-to-date symlink: /sbx/ros2/install/articubot_one/share/articubot_one/environment/path.sh
[0.235s] -- Up-to-date symlink: /sbx/ros2/install/articubot_one/share/articubot_one/environment/path.dsv
[0.235s] -- Up-to-date symlink: /sbx/ros2/install/articubot_one/share/articubot_one/local_setup.bash
[0.236s] -- Up-to-date symlink: /sbx/ros2/install/articubot_one/share/articubot_one/local_setup.sh
[0.236s] -- Up-to-date symlink: /sbx/ros2/install/articubot_one/share/articubot_one/local_setup.zsh
[0.237s] -- Up-to-date symlink: /sbx/ros2/install/articubot_one/share/articubot_one/local_setup.dsv
[0.238s] -- Symlinking: /sbx/ros2/install/articubot_one/share/articubot_one/package.dsv
[0.266s] -- Up-to-date symlink: /sbx/ros2/install/articubot_one/share/ament_index/resource_index/packages/articubot_one
[0.266s] -- Up-to-date symlink: /sbx/ros2/install/articubot_one/share/articubot_one/cmake/articubot_oneConfig.cmake
[0.266s] -- Up-to-date symlink: /sbx/ros2/install/articubot_one/share/articubot_one/cmake/articubot_oneConfig-version.cmake
[0.267s] -- Up-to-date symlink: /sbx/ros2/install/articubot_one/share/articubot_one/package.xml
[0.270s] Invoked command in '/sbx/ros2/build/articubot_one' returned '0': CMAKE_PREFIX_PATH=${CMAKE_PREFIX_PATH}:/opt/ros/humble /usr/bin/cmake --install /sbx/ros2/build/articubot_one
