-- Install configuration: ""
-- Execute custom install script
-- Up-to-date symlink: /sbx/ros2/install/articubot_one/share/articubot_one/config/ball_tracker_params_robot.yaml
-- Up-to-date symlink: /sbx/ros2/install/articubot_one/share/articubot_one/config/ball_tracker_params_sim.yaml
-- Up-to-date symlink: /sbx/ros2/install/articubot_one/share/articubot_one/config/cyclone.xml
-- Up-to-date symlink: /sbx/ros2/install/articubot_one/share/articubot_one/config/drive_bot.rviz
-- Up-to-date symlink: /sbx/ros2/install/articubot_one/share/articubot_one/config/empty.yaml
-- Up-to-date symlink: /sbx/ros2/install/articubot_one/share/articubot_one/config/gaz_ros2_ctl_use_sim.yaml
-- Up-to-date symlink: /sbx/ros2/install/articubot_one/share/articubot_one/config/gazebo_params.yaml
-- Up-to-date symlink: /sbx/ros2/install/articubot_one/share/articubot_one/config/joystick.yaml
-- Up-to-date symlink: /sbx/ros2/install/articubot_one/share/articubot_one/config/main.rviz
-- Up-to-date symlink: /sbx/ros2/install/articubot_one/share/articubot_one/config/map.rviz
-- Up-to-date symlink: /sbx/ros2/install/articubot_one/share/articubot_one/config/mapper_params_online_async.yaml
-- Up-to-date symlink: /sbx/ros2/install/articubot_one/share/articubot_one/config/my_controllers.yaml
-- Up-to-date symlink: /sbx/ros2/install/articubot_one/share/articubot_one/config/nav2_params.yaml
-- Up-to-date symlink: /sbx/ros2/install/articubot_one/share/articubot_one/config/twist_mux.yaml
-- Up-to-date symlink: /sbx/ros2/install/articubot_one/share/articubot_one/config/view_bot.rviz
-- Up-to-date symlink: /sbx/ros2/install/articubot_one/share/articubot_one/description/camera.xacro
-- Up-to-date symlink: /sbx/ros2/install/articubot_one/share/articubot_one/description/depth_camera.xacro
-- Up-to-date symlink: /sbx/ros2/install/articubot_one/share/articubot_one/description/face.xacro
-- Up-to-date symlink: /sbx/ros2/install/articubot_one/share/articubot_one/description/gazebo_control.xacro
-- Up-to-date symlink: /sbx/ros2/install/articubot_one/share/articubot_one/description/inertial_macros.xacro
-- Up-to-date symlink: /sbx/ros2/install/articubot_one/share/articubot_one/description/lidar.xacro
-- Up-to-date symlink: /sbx/ros2/install/articubot_one/share/articubot_one/description/robot.urdf.xacro
-- Up-to-date symlink: /sbx/ros2/install/articubot_one/share/articubot_one/description/robot_core.xacro
-- Up-to-date symlink: /sbx/ros2/install/articubot_one/share/articubot_one/description/ros2_control.xacro
[33mCMake Warning (dev) at ament_cmake_symlink_install/ament_cmake_symlink_install.cmake:62 (file):
  Policy CMP0009 is not set: FILE GLOB_RECURSE calls should not follow
  symlinks by default.  Run "cmake --help-policy CMP0009" for policy details.
  Use the cmake_policy command to set the policy and suppress this warning.
Call Stack (most recent call first):
  ament_cmake_symlink_install/ament_cmake_symlink_install.cmake:314 (ament_cmake_symlink_install_directory)
  cmake_install.cmake:46 (include)
This warning is for project developers.  Use -Wno-dev to suppress it.
[0m
-- Symlinking: /sbx/ros2/install/articubot_one/share/articubot_one/launch/__pycache__/real_mapping.launch.cpython-310.pyc
-- Up-to-date symlink: /sbx/ros2/install/articubot_one/share/articubot_one/launch/ball_tracker.launch.py
-- Up-to-date symlink: /sbx/ros2/install/articubot_one/share/articubot_one/launch/build/.built_by
-- Up-to-date symlink: /sbx/ros2/install/articubot_one/share/articubot_one/launch/build/COLCON_IGNORE
-- Up-to-date symlink: /sbx/ros2/install/articubot_one/share/articubot_one/launch/camera.launch.py
-- Up-to-date symlink: /sbx/ros2/install/articubot_one/share/articubot_one/launch/install/.colcon_install_layout
-- Up-to-date symlink: /sbx/ros2/install/articubot_one/share/articubot_one/launch/install/COLCON_IGNORE
-- Up-to-date symlink: /sbx/ros2/install/articubot_one/share/articubot_one/launch/install/_local_setup_util_ps1.py
-- Up-to-date symlink: /sbx/ros2/install/articubot_one/share/articubot_one/launch/install/_local_setup_util_sh.py
-- Up-to-date symlink: /sbx/ros2/install/articubot_one/share/articubot_one/launch/install/local_setup.bash
-- Up-to-date symlink: /sbx/ros2/install/articubot_one/share/articubot_one/launch/install/local_setup.ps1
-- Up-to-date symlink: /sbx/ros2/install/articubot_one/share/articubot_one/launch/install/local_setup.sh
-- Up-to-date symlink: /sbx/ros2/install/articubot_one/share/articubot_one/launch/install/local_setup.zsh
-- Up-to-date symlink: /sbx/ros2/install/articubot_one/share/articubot_one/launch/install/setup.bash
-- Up-to-date symlink: /sbx/ros2/install/articubot_one/share/articubot_one/launch/install/setup.ps1
-- Up-to-date symlink: /sbx/ros2/install/articubot_one/share/articubot_one/launch/install/setup.sh
-- Up-to-date symlink: /sbx/ros2/install/articubot_one/share/articubot_one/launch/install/setup.zsh
-- Up-to-date symlink: /sbx/ros2/install/articubot_one/share/articubot_one/launch/joystick.launch.py
-- Up-to-date symlink: /sbx/ros2/install/articubot_one/share/articubot_one/launch/launch_robot.launch.py
-- Up-to-date symlink: /sbx/ros2/install/articubot_one/share/articubot_one/launch/launch_sim.launch.py
-- Up-to-date symlink: /sbx/ros2/install/articubot_one/share/articubot_one/launch/localization_launch.py
-- Up-to-date symlink: /sbx/ros2/install/articubot_one/share/articubot_one/launch/log/COLCON_IGNORE
-- Up-to-date symlink: /sbx/ros2/install/articubot_one/share/articubot_one/launch/log/build_2025-05-07_00-41-40/events.log
-- Up-to-date symlink: /sbx/ros2/install/articubot_one/share/articubot_one/launch/log/build_2025-05-07_00-41-40/logger_all.log
-- Up-to-date symlink: /sbx/ros2/install/articubot_one/share/articubot_one/launch/log/latest/events.log
-- Up-to-date symlink: /sbx/ros2/install/articubot_one/share/articubot_one/launch/log/latest/logger_all.log
-- Up-to-date symlink: /sbx/ros2/install/articubot_one/share/articubot_one/launch/log/latest_build/events.log
-- Up-to-date symlink: /sbx/ros2/install/articubot_one/share/articubot_one/launch/log/latest_build/logger_all.log
-- Up-to-date symlink: /sbx/ros2/install/articubot_one/share/articubot_one/launch/navigation_launch.py
-- Up-to-date symlink: /sbx/ros2/install/articubot_one/share/articubot_one/launch/online_async_launch.py
-- Up-to-date symlink: /sbx/ros2/install/articubot_one/share/articubot_one/launch/real_mapping.launch.py
-- Up-to-date symlink: /sbx/ros2/install/articubot_one/share/articubot_one/launch/rplidar.launch.py
-- Up-to-date symlink: /sbx/ros2/install/articubot_one/share/articubot_one/launch/rsp.launch.py
-- Up-to-date symlink: /sbx/ros2/install/articubot_one/share/articubot_one/worlds/empty.world
-- Up-to-date symlink: /sbx/ros2/install/articubot_one/share/articubot_one/worlds/obstacles.world
-- Up-to-date symlink: /sbx/ros2/install/articubot_one/share/ament_index/resource_index/package_run_dependencies/articubot_one
-- Up-to-date symlink: /sbx/ros2/install/articubot_one/share/ament_index/resource_index/parent_prefix_path/articubot_one
-- Up-to-date symlink: /sbx/ros2/install/articubot_one/share/articubot_one/environment/ament_prefix_path.sh
-- Up-to-date symlink: /sbx/ros2/install/articubot_one/share/articubot_one/environment/ament_prefix_path.dsv
-- Up-to-date symlink: /sbx/ros2/install/articubot_one/share/articubot_one/environment/path.sh
-- Up-to-date symlink: /sbx/ros2/install/articubot_one/share/articubot_one/environment/path.dsv
-- Up-to-date symlink: /sbx/ros2/install/articubot_one/share/articubot_one/local_setup.bash
-- Up-to-date symlink: /sbx/ros2/install/articubot_one/share/articubot_one/local_setup.sh
-- Up-to-date symlink: /sbx/ros2/install/articubot_one/share/articubot_one/local_setup.zsh
-- Up-to-date symlink: /sbx/ros2/install/articubot_one/share/articubot_one/local_setup.dsv
-- Symlinking: /sbx/ros2/install/articubot_one/share/articubot_one/package.dsv
-- Up-to-date symlink: /sbx/ros2/install/articubot_one/share/ament_index/resource_index/packages/articubot_one
-- Up-to-date symlink: /sbx/ros2/install/articubot_one/share/articubot_one/cmake/articubot_oneConfig.cmake
-- Up-to-date symlink: /sbx/ros2/install/articubot_one/share/articubot_one/cmake/articubot_oneConfig-version.cmake
-- Up-to-date symlink: /sbx/ros2/install/articubot_one/share/articubot_one/package.xml
