[0.131s] DEBUG:colcon:Command line arguments: ['/usr/bin/colcon', 'build', '--symlink-install']
[0.131s] DEBUG:colcon:Parsed command line arguments: Namespace(log_base=None, log_level=None, verb_name='build', build_base='build', install_base='install', merge_install=False, symlink_install=True, test_result_base=None, continue_on_error=False, executor='parallel', parallel_workers=4, event_handlers=None, ignore_user_meta=False, metas=['./colcon.meta'], base_paths=['.'], packages_ignore=None, packages_ignore_regex=None, paths=None, packages_up_to=None, packages_up_to_regex=None, packages_above=None, packages_above_and_dependencies=None, packages_above_depth=None, packages_select_by_dep=None, packages_skip_by_dep=None, packages_skip_up_to=None, packages_select_build_failed=False, packages_skip_build_finished=False, packages_select_test_failures=False, packages_skip_test_passed=False, packages_select=None, packages_skip=None, packages_select_regex=None, packages_skip_regex=None, packages_start=None, packages_end=None, cmake_args=None, cmake_target=None, cmake_target_skip_unavailable=False, cmake_clean_cache=False, cmake_clean_first=False, cmake_force_configure=False, ament_cmake_args=None, catkin_cmake_args=None, catkin_skip_building_tests=False, verb_parser=<colcon_defaults.argument_parser.defaults.DefaultArgumentsDecorator object at 0xffffaa478c10>, verb_extension=<colcon_core.verb.build.BuildVerb object at 0xffffaa619f90>, main=<bound method BuildVerb.main of <colcon_core.verb.build.BuildVerb object at 0xffffaa619f90>>)
[0.284s] Level 1:colcon.colcon_core.package_discovery:discover_packages(colcon_meta) check parameters
[0.284s] Level 1:colcon.colcon_core.package_discovery:discover_packages(recursive) check parameters
[0.284s] Level 1:colcon.colcon_core.package_discovery:discover_packages(ignore) check parameters
[0.284s] Level 1:colcon.colcon_core.package_discovery:discover_packages(path) check parameters
[0.284s] Level 1:colcon.colcon_core.package_discovery:discover_packages(colcon_meta) discover
[0.284s] Level 1:colcon.colcon_core.package_discovery:discover_packages(recursive) discover
[0.284s] INFO:colcon.colcon_core.package_discovery:Crawling recursively for packages in '/sbx/ros2'
[0.284s] Level 1:colcon.colcon_core.package_identification:_identify(.) by extensions ['ignore', 'ignore_ament_install']
[0.285s] Level 1:colcon.colcon_core.package_identification:_identify(.) by extension 'ignore'
[0.285s] Level 1:colcon.colcon_core.package_identification:_identify(.) by extension 'ignore_ament_install'
[0.285s] Level 1:colcon.colcon_core.package_identification:_identify(.) by extensions ['colcon_pkg']
[0.285s] Level 1:colcon.colcon_core.package_identification:_identify(.) by extension 'colcon_pkg'
[0.285s] Level 1:colcon.colcon_core.package_identification:_identify(.) by extensions ['colcon_meta']
[0.285s] Level 1:colcon.colcon_core.package_identification:_identify(.) by extension 'colcon_meta'
[0.285s] Level 1:colcon.colcon_core.package_identification:_identify(.) by extensions ['ros']
[0.285s] Level 1:colcon.colcon_core.package_identification:_identify(.) by extension 'ros'
[0.302s] Level 1:colcon.colcon_core.package_identification:_identify(.) by extensions ['cmake', 'python']
[0.302s] Level 1:colcon.colcon_core.package_identification:_identify(.) by extension 'cmake'
[0.302s] Level 1:colcon.colcon_core.package_identification:_identify(.) by extension 'python'
[0.302s] Level 1:colcon.colcon_core.package_identification:_identify(.) by extensions ['python_setup_py']
[0.302s] Level 1:colcon.colcon_core.package_identification:_identify(.) by extension 'python_setup_py'
[0.302s] Level 1:colcon.colcon_core.package_identification:_identify(build) by extensions ['ignore', 'ignore_ament_install']
[0.303s] Level 1:colcon.colcon_core.package_identification:_identify(build) by extension 'ignore'
[0.303s] Level 1:colcon.colcon_core.package_identification:_identify(build) ignored
[0.303s] Level 1:colcon.colcon_core.package_identification:_identify(install) by extensions ['ignore', 'ignore_ament_install']
[0.303s] Level 1:colcon.colcon_core.package_identification:_identify(install) by extension 'ignore'
[0.303s] Level 1:colcon.colcon_core.package_identification:_identify(install) ignored
[0.303s] Level 1:colcon.colcon_core.package_identification:_identify(log) by extensions ['ignore', 'ignore_ament_install']
[0.303s] Level 1:colcon.colcon_core.package_identification:_identify(log) by extension 'ignore'
[0.303s] Level 1:colcon.colcon_core.package_identification:_identify(log) ignored
[0.303s] Level 1:colcon.colcon_core.package_identification:_identify(src) by extensions ['ignore', 'ignore_ament_install']
[0.303s] Level 1:colcon.colcon_core.package_identification:_identify(src) by extension 'ignore'
[0.304s] Level 1:colcon.colcon_core.package_identification:_identify(src) by extension 'ignore_ament_install'
[0.304s] Level 1:colcon.colcon_core.package_identification:_identify(src) by extensions ['colcon_pkg']
[0.304s] Level 1:colcon.colcon_core.package_identification:_identify(src) by extension 'colcon_pkg'
[0.304s] Level 1:colcon.colcon_core.package_identification:_identify(src) by extensions ['colcon_meta']
[0.304s] Level 1:colcon.colcon_core.package_identification:_identify(src) by extension 'colcon_meta'
[0.304s] Level 1:colcon.colcon_core.package_identification:_identify(src) by extensions ['ros']
[0.304s] Level 1:colcon.colcon_core.package_identification:_identify(src) by extension 'ros'
[0.304s] Level 1:colcon.colcon_core.package_identification:_identify(src) by extensions ['cmake', 'python']
[0.304s] Level 1:colcon.colcon_core.package_identification:_identify(src) by extension 'cmake'
[0.304s] Level 1:colcon.colcon_core.package_identification:_identify(src) by extension 'python'
[0.304s] Level 1:colcon.colcon_core.package_identification:_identify(src) by extensions ['python_setup_py']
[0.304s] Level 1:colcon.colcon_core.package_identification:_identify(src) by extension 'python_setup_py'
[0.304s] Level 1:colcon.colcon_core.package_identification:_identify(src/articubot_one) by extensions ['ignore', 'ignore_ament_install']
[0.304s] Level 1:colcon.colcon_core.package_identification:_identify(src/articubot_one) by extension 'ignore'
[0.304s] Level 1:colcon.colcon_core.package_identification:_identify(src/articubot_one) by extension 'ignore_ament_install'
[0.304s] Level 1:colcon.colcon_core.package_identification:_identify(src/articubot_one) by extensions ['colcon_pkg']
[0.304s] Level 1:colcon.colcon_core.package_identification:_identify(src/articubot_one) by extension 'colcon_pkg'
[0.304s] Level 1:colcon.colcon_core.package_identification:_identify(src/articubot_one) by extensions ['colcon_meta']
[0.304s] Level 1:colcon.colcon_core.package_identification:_identify(src/articubot_one) by extension 'colcon_meta'
[0.304s] Level 1:colcon.colcon_core.package_identification:_identify(src/articubot_one) by extensions ['ros']
[0.305s] Level 1:colcon.colcon_core.package_identification:_identify(src/articubot_one) by extension 'ros'
[0.308s] DEBUG:colcon.colcon_core.package_identification:Package 'src/articubot_one' with type 'ros.ament_cmake' and name 'articubot_one'
[0.308s] Level 1:colcon.colcon_core.package_identification:_identify(src/diffdrive_arduino) by extensions ['ignore', 'ignore_ament_install']
[0.308s] Level 1:colcon.colcon_core.package_identification:_identify(src/diffdrive_arduino) by extension 'ignore'
[0.308s] Level 1:colcon.colcon_core.package_identification:_identify(src/diffdrive_arduino) by extension 'ignore_ament_install'
[0.308s] Level 1:colcon.colcon_core.package_identification:_identify(src/diffdrive_arduino) by extensions ['colcon_pkg']
[0.308s] Level 1:colcon.colcon_core.package_identification:_identify(src/diffdrive_arduino) by extension 'colcon_pkg'
[0.308s] Level 1:colcon.colcon_core.package_identification:_identify(src/diffdrive_arduino) by extensions ['colcon_meta']
[0.308s] Level 1:colcon.colcon_core.package_identification:_identify(src/diffdrive_arduino) by extension 'colcon_meta'
[0.308s] Level 1:colcon.colcon_core.package_identification:_identify(src/diffdrive_arduino) by extensions ['ros']
[0.308s] Level 1:colcon.colcon_core.package_identification:_identify(src/diffdrive_arduino) by extension 'ros'
[0.310s] DEBUG:colcon.colcon_core.package_identification:Package 'src/diffdrive_arduino' with type 'ros.ament_cmake' and name 'diffdrive_arduino'
[0.310s] Level 1:colcon.colcon_core.package_identification:_identify(src/serial) by extensions ['ignore', 'ignore_ament_install']
[0.310s] Level 1:colcon.colcon_core.package_identification:_identify(src/serial) by extension 'ignore'
[0.310s] Level 1:colcon.colcon_core.package_identification:_identify(src/serial) by extension 'ignore_ament_install'
[0.310s] Level 1:colcon.colcon_core.package_identification:_identify(src/serial) by extensions ['colcon_pkg']
[0.310s] Level 1:colcon.colcon_core.package_identification:_identify(src/serial) by extension 'colcon_pkg'
[0.310s] Level 1:colcon.colcon_core.package_identification:_identify(src/serial) by extensions ['colcon_meta']
[0.310s] Level 1:colcon.colcon_core.package_identification:_identify(src/serial) by extension 'colcon_meta'
[0.310s] Level 1:colcon.colcon_core.package_identification:_identify(src/serial) by extensions ['ros']
[0.310s] Level 1:colcon.colcon_core.package_identification:_identify(src/serial) by extension 'ros'
[0.311s] DEBUG:colcon.colcon_core.package_identification:Package 'src/serial' with type 'ros.ament_cmake' and name 'serial'
[0.311s] Level 1:colcon.colcon_core.package_discovery:discover_packages(recursive) using defaults
[0.311s] Level 1:colcon.colcon_core.package_discovery:discover_packages(ignore) discover
[0.311s] Level 1:colcon.colcon_core.package_discovery:discover_packages(ignore) using defaults
[0.311s] Level 1:colcon.colcon_core.package_discovery:discover_packages(path) discover
[0.311s] Level 1:colcon.colcon_core.package_discovery:discover_packages(path) using defaults
[0.340s] Level 5:colcon.colcon_core.verb:set package 'articubot_one' build argument 'cmake_args' from command line to 'None'
[0.340s] Level 5:colcon.colcon_core.verb:set package 'articubot_one' build argument 'cmake_target' from command line to 'None'
[0.340s] Level 5:colcon.colcon_core.verb:set package 'articubot_one' build argument 'cmake_target_skip_unavailable' from command line to 'False'
[0.340s] Level 5:colcon.colcon_core.verb:set package 'articubot_one' build argument 'cmake_clean_cache' from command line to 'False'
[0.340s] Level 5:colcon.colcon_core.verb:set package 'articubot_one' build argument 'cmake_clean_first' from command line to 'False'
[0.340s] Level 5:colcon.colcon_core.verb:set package 'articubot_one' build argument 'cmake_force_configure' from command line to 'False'
[0.340s] Level 5:colcon.colcon_core.verb:set package 'articubot_one' build argument 'ament_cmake_args' from command line to 'None'
[0.340s] Level 5:colcon.colcon_core.verb:set package 'articubot_one' build argument 'catkin_cmake_args' from command line to 'None'
[0.340s] Level 5:colcon.colcon_core.verb:set package 'articubot_one' build argument 'catkin_skip_building_tests' from command line to 'False'
[0.340s] DEBUG:colcon.colcon_core.verb:Building package 'articubot_one' with the following arguments: {'ament_cmake_args': None, 'build_base': '/sbx/ros2/build/articubot_one', 'catkin_cmake_args': None, 'catkin_skip_building_tests': False, 'cmake_args': None, 'cmake_clean_cache': False, 'cmake_clean_first': False, 'cmake_force_configure': False, 'cmake_target': None, 'cmake_target_skip_unavailable': False, 'install_base': '/sbx/ros2/install/articubot_one', 'merge_install': False, 'path': '/sbx/ros2/src/articubot_one', 'symlink_install': True, 'test_result_base': None}
[0.341s] Level 5:colcon.colcon_core.verb:set package 'diffdrive_arduino' build argument 'cmake_args' from command line to 'None'
[0.341s] Level 5:colcon.colcon_core.verb:set package 'diffdrive_arduino' build argument 'cmake_target' from command line to 'None'
[0.341s] Level 5:colcon.colcon_core.verb:set package 'diffdrive_arduino' build argument 'cmake_target_skip_unavailable' from command line to 'False'
[0.341s] Level 5:colcon.colcon_core.verb:set package 'diffdrive_arduino' build argument 'cmake_clean_cache' from command line to 'False'
[0.341s] Level 5:colcon.colcon_core.verb:set package 'diffdrive_arduino' build argument 'cmake_clean_first' from command line to 'False'
[0.341s] Level 5:colcon.colcon_core.verb:set package 'diffdrive_arduino' build argument 'cmake_force_configure' from command line to 'False'
[0.341s] Level 5:colcon.colcon_core.verb:set package 'diffdrive_arduino' build argument 'ament_cmake_args' from command line to 'None'
[0.341s] Level 5:colcon.colcon_core.verb:set package 'diffdrive_arduino' build argument 'catkin_cmake_args' from command line to 'None'
[0.341s] Level 5:colcon.colcon_core.verb:set package 'diffdrive_arduino' build argument 'catkin_skip_building_tests' from command line to 'False'
[0.341s] DEBUG:colcon.colcon_core.verb:Building package 'diffdrive_arduino' with the following arguments: {'ament_cmake_args': None, 'build_base': '/sbx/ros2/build/diffdrive_arduino', 'catkin_cmake_args': None, 'catkin_skip_building_tests': False, 'cmake_args': None, 'cmake_clean_cache': False, 'cmake_clean_first': False, 'cmake_force_configure': False, 'cmake_target': None, 'cmake_target_skip_unavailable': False, 'install_base': '/sbx/ros2/install/diffdrive_arduino', 'merge_install': False, 'path': '/sbx/ros2/src/diffdrive_arduino', 'symlink_install': True, 'test_result_base': None}
[0.341s] Level 5:colcon.colcon_core.verb:set package 'serial' build argument 'cmake_args' from command line to 'None'
[0.342s] Level 5:colcon.colcon_core.verb:set package 'serial' build argument 'cmake_target' from command line to 'None'
[0.342s] Level 5:colcon.colcon_core.verb:set package 'serial' build argument 'cmake_target_skip_unavailable' from command line to 'False'
[0.342s] Level 5:colcon.colcon_core.verb:set package 'serial' build argument 'cmake_clean_cache' from command line to 'False'
[0.342s] Level 5:colcon.colcon_core.verb:set package 'serial' build argument 'cmake_clean_first' from command line to 'False'
[0.342s] Level 5:colcon.colcon_core.verb:set package 'serial' build argument 'cmake_force_configure' from command line to 'False'
[0.342s] Level 5:colcon.colcon_core.verb:set package 'serial' build argument 'ament_cmake_args' from command line to 'None'
[0.342s] Level 5:colcon.colcon_core.verb:set package 'serial' build argument 'catkin_cmake_args' from command line to 'None'
[0.342s] Level 5:colcon.colcon_core.verb:set package 'serial' build argument 'catkin_skip_building_tests' from command line to 'False'
[0.342s] DEBUG:colcon.colcon_core.verb:Building package 'serial' with the following arguments: {'ament_cmake_args': None, 'build_base': '/sbx/ros2/build/serial', 'catkin_cmake_args': None, 'catkin_skip_building_tests': False, 'cmake_args': None, 'cmake_clean_cache': False, 'cmake_clean_first': False, 'cmake_force_configure': False, 'cmake_target': None, 'cmake_target_skip_unavailable': False, 'install_base': '/sbx/ros2/install/serial', 'merge_install': False, 'path': '/sbx/ros2/src/serial', 'symlink_install': True, 'test_result_base': None}
[0.342s] INFO:colcon.colcon_core.executor:Executing jobs using 'parallel' executor
[0.343s] DEBUG:colcon.colcon_parallel_executor.executor.parallel:run_until_complete
[0.344s] INFO:colcon.colcon_ros.task.ament_cmake.build:Building ROS package in '/sbx/ros2/src/articubot_one' with build type 'ament_cmake'
[0.344s] INFO:colcon.colcon_cmake.task.cmake.build:Building CMake package in '/sbx/ros2/src/articubot_one'
[0.347s] INFO:colcon.colcon_core.plugin_system:Skipping extension 'colcon_core.shell.bat': Not used on non-Windows systems
[0.347s] INFO:colcon.colcon_core.shell:Skip shell extension 'powershell' for command environment: Not usable outside of PowerShell
[0.347s] DEBUG:colcon.colcon_core.shell:Skip shell extension 'dsv' for command environment
[0.352s] INFO:colcon.colcon_ros.task.ament_cmake.build:Building ROS package in '/sbx/ros2/src/diffdrive_arduino' with build type 'ament_cmake'
[0.352s] INFO:colcon.colcon_cmake.task.cmake.build:Building CMake package in '/sbx/ros2/src/diffdrive_arduino'
[0.353s] INFO:colcon.colcon_core.shell:Skip shell extension 'powershell' for command environment: Not usable outside of PowerShell
[0.353s] DEBUG:colcon.colcon_core.shell:Skip shell extension 'dsv' for command environment
[0.357s] INFO:colcon.colcon_ros.task.ament_cmake.build:Building ROS package in '/sbx/ros2/src/serial' with build type 'ament_cmake'
[0.357s] INFO:colcon.colcon_cmake.task.cmake.build:Building CMake package in '/sbx/ros2/src/serial'
[0.357s] INFO:colcon.colcon_core.shell:Skip shell extension 'powershell' for command environment: Not usable outside of PowerShell
[0.357s] DEBUG:colcon.colcon_core.shell:Skip shell extension 'dsv' for command environment
[0.364s] DEBUG:colcon.colcon_core.event_handler.log_command:Invoking command in '/sbx/ros2/build/articubot_one': CMAKE_PREFIX_PATH=/opt/ros/humble /usr/bin/cmake /sbx/ros2/src/articubot_one -DAMENT_CMAKE_SYMLINK_INSTALL=1 -DCMAKE_INSTALL_PREFIX=/sbx/ros2/install/articubot_one
[0.370s] DEBUG:colcon.colcon_core.event_handler.log_command:Invoking command in '/sbx/ros2/build/diffdrive_arduino': CMAKE_PREFIX_PATH=/opt/ros/humble /usr/bin/cmake /sbx/ros2/src/diffdrive_arduino -DAMENT_CMAKE_SYMLINK_INSTALL=1 -DCMAKE_INSTALL_PREFIX=/sbx/ros2/install/diffdrive_arduino
[0.377s] DEBUG:colcon.colcon_core.event_handler.log_command:Invoking command in '/sbx/ros2/build/serial': CMAKE_PREFIX_PATH=/opt/ros/humble /usr/bin/cmake /sbx/ros2/src/serial -DAMENT_CMAKE_SYMLINK_INSTALL=1 -DCMAKE_INSTALL_PREFIX=/sbx/ros2/install/serial
[1.565s] DEBUG:colcon.colcon_core.event_handler.log_command:Invoked command in '/sbx/ros2/build/articubot_one' returned '0': CMAKE_PREFIX_PATH=/opt/ros/humble /usr/bin/cmake /sbx/ros2/src/articubot_one -DAMENT_CMAKE_SYMLINK_INSTALL=1 -DCMAKE_INSTALL_PREFIX=/sbx/ros2/install/articubot_one
[1.566s] DEBUG:colcon.colcon_core.event_handler.log_command:Invoking command in '/sbx/ros2/build/articubot_one': CMAKE_PREFIX_PATH=/opt/ros/humble /usr/bin/cmake --build /sbx/ros2/build/articubot_one -- -j4 -l4
[1.640s] DEBUG:colcon.colcon_core.event_handler.log_command:Invoked command in '/sbx/ros2/build/articubot_one' returned '0': CMAKE_PREFIX_PATH=/opt/ros/humble /usr/bin/cmake --build /sbx/ros2/build/articubot_one -- -j4 -l4
[1.671s] DEBUG:colcon.colcon_core.event_handler.log_command:Invoking command in '/sbx/ros2/build/articubot_one': CMAKE_PREFIX_PATH=/opt/ros/humble /usr/bin/cmake --install /sbx/ros2/build/articubot_one
[1.852s] DEBUG:colcon.colcon_core.event_handler.log_command:Invoked command in '/sbx/ros2/build/serial' returned '0': CMAKE_PREFIX_PATH=/opt/ros/humble /usr/bin/cmake /sbx/ros2/src/serial -DAMENT_CMAKE_SYMLINK_INSTALL=1 -DCMAKE_INSTALL_PREFIX=/sbx/ros2/install/serial
[1.855s] DEBUG:colcon.colcon_core.event_handler.log_command:Invoking command in '/sbx/ros2/build/serial': CMAKE_PREFIX_PATH=/opt/ros/humble /usr/bin/cmake --build /sbx/ros2/build/serial -- -j4 -l4
[3.080s] Level 1:colcon.colcon_core.environment:create_environment_scripts_only(articubot_one)
[3.082s] DEBUG:colcon.colcon_core.event_handler.log_command:Invoked command in '/sbx/ros2/build/articubot_one' returned '0': CMAKE_PREFIX_PATH=/opt/ros/humble /usr/bin/cmake --install /sbx/ros2/build/articubot_one
[3.091s] Level 1:colcon.colcon_core.environment:checking '/sbx/ros2/install/articubot_one' for CMake module files
[3.095s] Level 1:colcon.colcon_core.environment:checking '/sbx/ros2/install/articubot_one' for CMake config files
[3.096s] Level 1:colcon.colcon_core.shell:create_environment_hook('articubot_one', 'cmake_prefix_path')
[3.097s] INFO:colcon.colcon_core.shell:Creating environment hook '/sbx/ros2/install/articubot_one/share/articubot_one/hook/cmake_prefix_path.ps1'
[3.101s] INFO:colcon.colcon_core.shell:Creating environment descriptor '/sbx/ros2/install/articubot_one/share/articubot_one/hook/cmake_prefix_path.dsv'
[3.103s] INFO:colcon.colcon_core.shell:Creating environment hook '/sbx/ros2/install/articubot_one/share/articubot_one/hook/cmake_prefix_path.sh'
[3.108s] Level 1:colcon.colcon_core.environment:checking '/sbx/ros2/install/articubot_one/bin'
[3.108s] Level 1:colcon.colcon_core.environment:checking '/sbx/ros2/install/articubot_one/lib/pkgconfig/articubot_one.pc'
[3.122s] Level 1:colcon.colcon_core.environment:checking '/sbx/ros2/install/articubot_one/lib/python3.10/site-packages'
[3.123s] Level 1:colcon.colcon_core.environment:checking '/sbx/ros2/install/articubot_one/bin'
[3.124s] INFO:colcon.colcon_core.shell:Creating package script '/sbx/ros2/install/articubot_one/share/articubot_one/package.ps1'
[3.126s] INFO:colcon.colcon_core.shell:Creating package descriptor '/sbx/ros2/install/articubot_one/share/articubot_one/package.dsv'
[3.131s] INFO:colcon.colcon_core.shell:Creating package script '/sbx/ros2/install/articubot_one/share/articubot_one/package.sh'
[3.133s] INFO:colcon.colcon_core.shell:Creating package script '/sbx/ros2/install/articubot_one/share/articubot_one/package.bash'
[3.138s] INFO:colcon.colcon_core.shell:Creating package script '/sbx/ros2/install/articubot_one/share/articubot_one/package.zsh'
[3.142s] Level 1:colcon.colcon_core.environment:create_file_with_runtime_dependencies(/sbx/ros2/install/articubot_one/share/colcon-core/packages/articubot_one)
[3.144s] Level 1:colcon.colcon_core.environment:create_environment_scripts_only(articubot_one)
[3.150s] Level 1:colcon.colcon_core.environment:checking '/sbx/ros2/install/articubot_one' for CMake module files
[3.151s] Level 1:colcon.colcon_core.environment:checking '/sbx/ros2/install/articubot_one' for CMake config files
[3.154s] Level 1:colcon.colcon_core.shell:create_environment_hook('articubot_one', 'cmake_prefix_path')
[3.155s] INFO:colcon.colcon_core.shell:Creating environment hook '/sbx/ros2/install/articubot_one/share/articubot_one/hook/cmake_prefix_path.ps1'
[3.156s] INFO:colcon.colcon_core.shell:Creating environment descriptor '/sbx/ros2/install/articubot_one/share/articubot_one/hook/cmake_prefix_path.dsv'
[3.162s] INFO:colcon.colcon_core.shell:Creating environment hook '/sbx/ros2/install/articubot_one/share/articubot_one/hook/cmake_prefix_path.sh'
[3.165s] Level 1:colcon.colcon_core.environment:checking '/sbx/ros2/install/articubot_one/bin'
[3.165s] Level 1:colcon.colcon_core.environment:checking '/sbx/ros2/install/articubot_one/lib/pkgconfig/articubot_one.pc'
[3.166s] Level 1:colcon.colcon_core.environment:checking '/sbx/ros2/install/articubot_one/lib/python3.10/site-packages'
[3.166s] Level 1:colcon.colcon_core.environment:checking '/sbx/ros2/install/articubot_one/bin'
[3.170s] INFO:colcon.colcon_core.shell:Creating package script '/sbx/ros2/install/articubot_one/share/articubot_one/package.ps1'
[3.175s] INFO:colcon.colcon_core.shell:Creating package descriptor '/sbx/ros2/install/articubot_one/share/articubot_one/package.dsv'
[3.176s] INFO:colcon.colcon_core.shell:Creating package script '/sbx/ros2/install/articubot_one/share/articubot_one/package.sh'
[3.181s] INFO:colcon.colcon_core.shell:Creating package script '/sbx/ros2/install/articubot_one/share/articubot_one/package.bash'
[3.182s] INFO:colcon.colcon_core.shell:Creating package script '/sbx/ros2/install/articubot_one/share/articubot_one/package.zsh'
[3.186s] Level 1:colcon.colcon_core.environment:create_file_with_runtime_dependencies(/sbx/ros2/install/articubot_one/share/colcon-core/packages/articubot_one)
[3.218s] DEBUG:colcon.colcon_core.event_handler.log_command:Invoked command in '/sbx/ros2/build/diffdrive_arduino' returned '0': CMAKE_PREFIX_PATH=/opt/ros/humble /usr/bin/cmake /sbx/ros2/src/diffdrive_arduino -DAMENT_CMAKE_SYMLINK_INSTALL=1 -DCMAKE_INSTALL_PREFIX=/sbx/ros2/install/diffdrive_arduino
[3.218s] DEBUG:colcon.colcon_core.event_handler.log_command:Invoking command in '/sbx/ros2/build/diffdrive_arduino': CMAKE_PREFIX_PATH=/opt/ros/humble /usr/bin/cmake --build /sbx/ros2/build/diffdrive_arduino -- -j4 -l4
[11.058s] DEBUG:colcon.colcon_core.event_handler.log_command:Invoked command in '/sbx/ros2/build/diffdrive_arduino' returned '0': CMAKE_PREFIX_PATH=/opt/ros/humble /usr/bin/cmake --build /sbx/ros2/build/diffdrive_arduino -- -j4 -l4
[11.058s] DEBUG:colcon.colcon_core.event_handler.log_command:Invoking command in '/sbx/ros2/build/diffdrive_arduino': CMAKE_PREFIX_PATH=/opt/ros/humble /usr/bin/cmake --install /sbx/ros2/build/diffdrive_arduino
[11.212s] DEBUG:colcon.colcon_core.event_handler.log_command:Invoked command in '/sbx/ros2/build/serial' returned '0': CMAKE_PREFIX_PATH=/opt/ros/humble /usr/bin/cmake --build /sbx/ros2/build/serial -- -j4 -l4
[11.214s] DEBUG:colcon.colcon_core.event_handler.log_command:Invoking command in '/sbx/ros2/build/serial': CMAKE_PREFIX_PATH=/opt/ros/humble /usr/bin/cmake --install /sbx/ros2/build/serial
[11.595s] Level 1:colcon.colcon_core.environment:create_environment_scripts_only(serial)
[11.596s] Level 1:colcon.colcon_core.environment:checking '/sbx/ros2/install/serial' for CMake module files
[11.596s] DEBUG:colcon.colcon_core.event_handler.log_command:Invoked command in '/sbx/ros2/build/serial' returned '0': CMAKE_PREFIX_PATH=/opt/ros/humble /usr/bin/cmake --install /sbx/ros2/build/serial
[11.597s] Level 1:colcon.colcon_core.environment:checking '/sbx/ros2/install/serial' for CMake config files
[11.597s] Level 1:colcon.colcon_core.shell:create_environment_hook('serial', 'cmake_prefix_path')
[11.598s] INFO:colcon.colcon_core.shell:Creating environment hook '/sbx/ros2/install/serial/share/serial/hook/cmake_prefix_path.ps1'
[11.599s] INFO:colcon.colcon_core.shell:Creating environment descriptor '/sbx/ros2/install/serial/share/serial/hook/cmake_prefix_path.dsv'
[11.599s] INFO:colcon.colcon_core.shell:Creating environment hook '/sbx/ros2/install/serial/share/serial/hook/cmake_prefix_path.sh'
[11.601s] Level 1:colcon.colcon_core.environment:checking '/sbx/ros2/install/serial/lib'
[11.601s] Level 1:colcon.colcon_core.environment:checking '/sbx/ros2/install/serial/bin'
[11.601s] Level 1:colcon.colcon_core.environment:checking '/sbx/ros2/install/serial/lib/pkgconfig/serial.pc'
[11.602s] Level 1:colcon.colcon_core.environment:checking '/sbx/ros2/install/serial/lib/python3.10/site-packages'
[11.602s] Level 1:colcon.colcon_core.environment:checking '/sbx/ros2/install/serial/bin'
[11.603s] INFO:colcon.colcon_core.shell:Creating package script '/sbx/ros2/install/serial/share/serial/package.ps1'
[11.604s] INFO:colcon.colcon_core.shell:Creating package descriptor '/sbx/ros2/install/serial/share/serial/package.dsv'
[11.604s] INFO:colcon.colcon_core.shell:Creating package script '/sbx/ros2/install/serial/share/serial/package.sh'
[11.605s] INFO:colcon.colcon_core.shell:Creating package script '/sbx/ros2/install/serial/share/serial/package.bash'
[11.606s] INFO:colcon.colcon_core.shell:Creating package script '/sbx/ros2/install/serial/share/serial/package.zsh'
[11.606s] Level 1:colcon.colcon_core.environment:create_file_with_runtime_dependencies(/sbx/ros2/install/serial/share/colcon-core/packages/serial)
[11.607s] Level 1:colcon.colcon_core.environment:create_environment_scripts_only(serial)
[11.607s] Level 1:colcon.colcon_core.environment:checking '/sbx/ros2/install/serial' for CMake module files
[11.608s] Level 1:colcon.colcon_core.environment:checking '/sbx/ros2/install/serial' for CMake config files
[11.608s] Level 1:colcon.colcon_core.shell:create_environment_hook('serial', 'cmake_prefix_path')
[11.609s] INFO:colcon.colcon_core.shell:Creating environment hook '/sbx/ros2/install/serial/share/serial/hook/cmake_prefix_path.ps1'
[11.610s] INFO:colcon.colcon_core.shell:Creating environment descriptor '/sbx/ros2/install/serial/share/serial/hook/cmake_prefix_path.dsv'
[11.611s] INFO:colcon.colcon_core.shell:Creating environment hook '/sbx/ros2/install/serial/share/serial/hook/cmake_prefix_path.sh'
[11.612s] Level 1:colcon.colcon_core.environment:checking '/sbx/ros2/install/serial/lib'
[11.612s] Level 1:colcon.colcon_core.environment:checking '/sbx/ros2/install/serial/bin'
[11.612s] Level 1:colcon.colcon_core.environment:checking '/sbx/ros2/install/serial/lib/pkgconfig/serial.pc'
[11.612s] Level 1:colcon.colcon_core.environment:checking '/sbx/ros2/install/serial/lib/python3.10/site-packages'
[11.612s] Level 1:colcon.colcon_core.environment:checking '/sbx/ros2/install/serial/bin'
[11.613s] INFO:colcon.colcon_core.shell:Creating package script '/sbx/ros2/install/serial/share/serial/package.ps1'
[11.614s] INFO:colcon.colcon_core.shell:Creating package descriptor '/sbx/ros2/install/serial/share/serial/package.dsv'
[11.615s] INFO:colcon.colcon_core.shell:Creating package script '/sbx/ros2/install/serial/share/serial/package.sh'
[11.615s] INFO:colcon.colcon_core.shell:Creating package script '/sbx/ros2/install/serial/share/serial/package.bash'
[11.616s] INFO:colcon.colcon_core.shell:Creating package script '/sbx/ros2/install/serial/share/serial/package.zsh'
[11.617s] Level 1:colcon.colcon_core.environment:create_file_with_runtime_dependencies(/sbx/ros2/install/serial/share/colcon-core/packages/serial)
[11.646s] Level 1:colcon.colcon_core.environment:create_environment_scripts_only(diffdrive_arduino)
[11.646s] Level 1:colcon.colcon_core.environment:checking '/sbx/ros2/install/diffdrive_arduino' for CMake module files
[11.647s] DEBUG:colcon.colcon_core.event_handler.log_command:Invoked command in '/sbx/ros2/build/diffdrive_arduino' returned '0': CMAKE_PREFIX_PATH=/opt/ros/humble /usr/bin/cmake --install /sbx/ros2/build/diffdrive_arduino
[11.647s] Level 1:colcon.colcon_core.environment:checking '/sbx/ros2/install/diffdrive_arduino' for CMake config files
[11.648s] Level 1:colcon.colcon_core.shell:create_environment_hook('diffdrive_arduino', 'cmake_prefix_path')
[11.648s] INFO:colcon.colcon_core.shell:Creating environment hook '/sbx/ros2/install/diffdrive_arduino/share/diffdrive_arduino/hook/cmake_prefix_path.ps1'
[11.649s] INFO:colcon.colcon_core.shell:Creating environment descriptor '/sbx/ros2/install/diffdrive_arduino/share/diffdrive_arduino/hook/cmake_prefix_path.dsv'
[11.649s] INFO:colcon.colcon_core.shell:Creating environment hook '/sbx/ros2/install/diffdrive_arduino/share/diffdrive_arduino/hook/cmake_prefix_path.sh'
[11.650s] Level 1:colcon.colcon_core.environment:checking '/sbx/ros2/install/diffdrive_arduino/lib'
[11.650s] Level 1:colcon.colcon_core.shell:create_environment_hook('diffdrive_arduino', 'ld_library_path_lib')
[11.651s] INFO:colcon.colcon_core.shell:Creating environment hook '/sbx/ros2/install/diffdrive_arduino/share/diffdrive_arduino/hook/ld_library_path_lib.ps1'
[11.651s] INFO:colcon.colcon_core.shell:Creating environment descriptor '/sbx/ros2/install/diffdrive_arduino/share/diffdrive_arduino/hook/ld_library_path_lib.dsv'
[11.652s] INFO:colcon.colcon_core.shell:Creating environment hook '/sbx/ros2/install/diffdrive_arduino/share/diffdrive_arduino/hook/ld_library_path_lib.sh'
[11.652s] Level 1:colcon.colcon_core.environment:checking '/sbx/ros2/install/diffdrive_arduino/bin'
[11.652s] Level 1:colcon.colcon_core.environment:checking '/sbx/ros2/install/diffdrive_arduino/lib/pkgconfig/diffdrive_arduino.pc'
[11.652s] Level 1:colcon.colcon_core.environment:checking '/sbx/ros2/install/diffdrive_arduino/lib/python3.10/site-packages'
[11.653s] Level 1:colcon.colcon_core.environment:checking '/sbx/ros2/install/diffdrive_arduino/bin'
[11.653s] INFO:colcon.colcon_core.shell:Creating package script '/sbx/ros2/install/diffdrive_arduino/share/diffdrive_arduino/package.ps1'
[11.654s] INFO:colcon.colcon_core.shell:Creating package descriptor '/sbx/ros2/install/diffdrive_arduino/share/diffdrive_arduino/package.dsv'
[11.654s] INFO:colcon.colcon_core.shell:Creating package script '/sbx/ros2/install/diffdrive_arduino/share/diffdrive_arduino/package.sh'
[11.655s] INFO:colcon.colcon_core.shell:Creating package script '/sbx/ros2/install/diffdrive_arduino/share/diffdrive_arduino/package.bash'
[11.655s] INFO:colcon.colcon_core.shell:Creating package script '/sbx/ros2/install/diffdrive_arduino/share/diffdrive_arduino/package.zsh'
[11.656s] Level 1:colcon.colcon_core.environment:create_file_with_runtime_dependencies(/sbx/ros2/install/diffdrive_arduino/share/colcon-core/packages/diffdrive_arduino)
[11.657s] Level 1:colcon.colcon_core.environment:create_environment_scripts_only(diffdrive_arduino)
[11.657s] Level 1:colcon.colcon_core.environment:checking '/sbx/ros2/install/diffdrive_arduino' for CMake module files
[11.658s] Level 1:colcon.colcon_core.environment:checking '/sbx/ros2/install/diffdrive_arduino' for CMake config files
[11.658s] Level 1:colcon.colcon_core.shell:create_environment_hook('diffdrive_arduino', 'cmake_prefix_path')
[11.659s] INFO:colcon.colcon_core.shell:Creating environment hook '/sbx/ros2/install/diffdrive_arduino/share/diffdrive_arduino/hook/cmake_prefix_path.ps1'
[11.659s] INFO:colcon.colcon_core.shell:Creating environment descriptor '/sbx/ros2/install/diffdrive_arduino/share/diffdrive_arduino/hook/cmake_prefix_path.dsv'
[11.660s] INFO:colcon.colcon_core.shell:Creating environment hook '/sbx/ros2/install/diffdrive_arduino/share/diffdrive_arduino/hook/cmake_prefix_path.sh'
[11.660s] Level 1:colcon.colcon_core.environment:checking '/sbx/ros2/install/diffdrive_arduino/lib'
[11.660s] Level 1:colcon.colcon_core.shell:create_environment_hook('diffdrive_arduino', 'ld_library_path_lib')
[11.661s] INFO:colcon.colcon_core.shell:Creating environment hook '/sbx/ros2/install/diffdrive_arduino/share/diffdrive_arduino/hook/ld_library_path_lib.ps1'
[11.661s] INFO:colcon.colcon_core.shell:Creating environment descriptor '/sbx/ros2/install/diffdrive_arduino/share/diffdrive_arduino/hook/ld_library_path_lib.dsv'
[11.662s] INFO:colcon.colcon_core.shell:Creating environment hook '/sbx/ros2/install/diffdrive_arduino/share/diffdrive_arduino/hook/ld_library_path_lib.sh'
[11.662s] Level 1:colcon.colcon_core.environment:checking '/sbx/ros2/install/diffdrive_arduino/bin'
[11.662s] Level 1:colcon.colcon_core.environment:checking '/sbx/ros2/install/diffdrive_arduino/lib/pkgconfig/diffdrive_arduino.pc'
[11.662s] Level 1:colcon.colcon_core.environment:checking '/sbx/ros2/install/diffdrive_arduino/lib/python3.10/site-packages'
[11.663s] Level 1:colcon.colcon_core.environment:checking '/sbx/ros2/install/diffdrive_arduino/bin'
[11.663s] INFO:colcon.colcon_core.shell:Creating package script '/sbx/ros2/install/diffdrive_arduino/share/diffdrive_arduino/package.ps1'
[11.664s] INFO:colcon.colcon_core.shell:Creating package descriptor '/sbx/ros2/install/diffdrive_arduino/share/diffdrive_arduino/package.dsv'
[11.665s] INFO:colcon.colcon_core.shell:Creating package script '/sbx/ros2/install/diffdrive_arduino/share/diffdrive_arduino/package.sh'
[11.665s] INFO:colcon.colcon_core.shell:Creating package script '/sbx/ros2/install/diffdrive_arduino/share/diffdrive_arduino/package.bash'
[11.666s] INFO:colcon.colcon_core.shell:Creating package script '/sbx/ros2/install/diffdrive_arduino/share/diffdrive_arduino/package.zsh'
[11.666s] Level 1:colcon.colcon_core.environment:create_file_with_runtime_dependencies(/sbx/ros2/install/diffdrive_arduino/share/colcon-core/packages/diffdrive_arduino)
[11.666s] DEBUG:colcon.colcon_parallel_executor.executor.parallel:closing loop
[11.667s] DEBUG:colcon.colcon_parallel_executor.executor.parallel:loop closed
[11.667s] DEBUG:colcon.colcon_parallel_executor.executor.parallel:run_until_complete finished with '0'
[11.667s] DEBUG:colcon.colcon_core.event_reactor:joining thread
[11.674s] INFO:colcon.colcon_core.plugin_system:Skipping extension 'colcon_notification.desktop_notification.notify_send': Could not find 'notify-send'
[11.674s] INFO:colcon.colcon_core.plugin_system:Skipping extension 'colcon_notification.desktop_notification.terminal_notifier': Not used on non-Darwin systems
[11.675s] INFO:colcon.colcon_core.plugin_system:Skipping extension 'colcon_notification.desktop_notification.win32': Not used on non-Windows systems
[11.675s] INFO:colcon.colcon_notification.desktop_notification:Sending desktop notification using 'notify2'
[11.675s] DEBUG:colcon.colcon_notification.desktop_notification.notify2:Failed to initialize notify2: org.freedesktop.DBus.Error.NotSupported: Unable to autolaunch a dbus-daemon without a $DISPLAY for X11
[11.675s] DEBUG:colcon.colcon_core.event_reactor:joined thread
[11.675s] INFO:colcon.colcon_core.shell:Creating prefix script '/sbx/ros2/install/local_setup.ps1'
[11.676s] INFO:colcon.colcon_core.shell:Creating prefix util module '/sbx/ros2/install/_local_setup_util_ps1.py'
[11.678s] INFO:colcon.colcon_core.shell:Creating prefix chain script '/sbx/ros2/install/setup.ps1'
[11.680s] INFO:colcon.colcon_core.shell:Creating prefix script '/sbx/ros2/install/local_setup.sh'
[11.680s] INFO:colcon.colcon_core.shell:Creating prefix util module '/sbx/ros2/install/_local_setup_util_sh.py'
[11.681s] INFO:colcon.colcon_core.shell:Creating prefix chain script '/sbx/ros2/install/setup.sh'
[11.682s] INFO:colcon.colcon_core.shell:Creating prefix script '/sbx/ros2/install/local_setup.bash'
[11.683s] INFO:colcon.colcon_core.shell:Creating prefix chain script '/sbx/ros2/install/setup.bash'
[11.684s] INFO:colcon.colcon_core.shell:Creating prefix script '/sbx/ros2/install/local_setup.zsh'
[11.685s] INFO:colcon.colcon_core.shell:Creating prefix chain script '/sbx/ros2/install/setup.zsh'
