[0.019s] Invoking command in '/sbx/ros2/build/articubot_one': CMAKE_PREFIX_PATH=${CMAKE_PREFIX_PATH}:/opt/ros/humble /usr/bin/cmake /sbx/ros2/src/articubot_one -DCMAKE_INSTALL_PREFIX=/sbx/ros2/install/articubot_one
[0.101s] -- Found ament_cmake: 1.3.11 (/opt/ros/humble/share/ament_cmake/cmake)
[0.292s] -- Override CMake install command with custom implementation using symlinks instead of copying resources
[0.317s] -- Found ament_lint_auto: 0.12.12 (/opt/ros/humble/share/ament_lint_auto/cmake)
[0.443s] -- Added test 'copyright' to check source files copyright and LICENSE
[0.463s] -- Added test 'flake8' to check Python code syntax and style conventions
[0.465s] -- Added test 'lint_cmake' to check CMake code style
[0.467s] -- Added test 'pep257' to check Python code against some of the docstring style conventions in PEP 257
[0.476s] -- Added test 'xmllint' to check XML markup files
[0.479s] -- Configuring done
[0.484s] -- Generating done
[0.487s] -- Build files have been written to: /sbx/ros2/build/articubot_one
[0.495s] Invoked command in '/sbx/ros2/build/articubot_one' returned '0': CMAKE_PREFIX_PATH=${CMAKE_PREFIX_PATH}:/opt/ros/humble /usr/bin/cmake /sbx/ros2/src/articubot_one -DCMAKE_INSTALL_PREFIX=/sbx/ros2/install/articubot_one
[0.499s] Invoking command in '/sbx/ros2/build/articubot_one': CMAKE_PREFIX_PATH=${CMAKE_PREFIX_PATH}:/opt/ros/humble /usr/bin/cmake --build /sbx/ros2/build/articubot_one -- -j4 -l4
[0.571s] Invoked command in '/sbx/ros2/build/articubot_one' returned '0': CMAKE_PREFIX_PATH=${CMAKE_PREFIX_PATH}:/opt/ros/humble /usr/bin/cmake --build /sbx/ros2/build/articubot_one -- -j4 -l4
[0.590s] Invoking command in '/sbx/ros2/build/articubot_one': CMAKE_PREFIX_PATH=${CMAKE_PREFIX_PATH}:/opt/ros/humble /usr/bin/cmake --install /sbx/ros2/build/articubot_one
[0.603s] -- Install configuration: ""
[0.604s] -- Execute custom install script
[0.604s] -- Up-to-date symlink: /sbx/ros2/install/articubot_one/share/articubot_one/config/ball_tracker_params_robot.yaml
[0.604s] -- Up-to-date symlink: /sbx/ros2/install/articubot_one/share/articubot_one/config/ball_tracker_params_sim.yaml
[0.605s] -- Up-to-date symlink: /sbx/ros2/install/articubot_one/share/articubot_one/config/cyclone.xml
[0.605s] -- Up-to-date symlink: /sbx/ros2/install/articubot_one/share/articubot_one/config/drive_bot.rviz
[0.605s] -- Up-to-date symlink: /sbx/ros2/install/articubot_one/share/articubot_one/config/empty.yaml
[0.605s] -- Up-to-date symlink: /sbx/ros2/install/articubot_one/share/articubot_one/config/gaz_ros2_ctl_use_sim.yaml
[0.605s] -- Up-to-date symlink: /sbx/ros2/install/articubot_one/share/articubot_one/config/gazebo_params.yaml
[0.605s] -- Up-to-date symlink: /sbx/ros2/install/articubot_one/share/articubot_one/config/joystick.yaml
[0.606s] -- Up-to-date symlink: /sbx/ros2/install/articubot_one/share/articubot_one/config/main.rviz
[0.606s] -- Up-to-date symlink: /sbx/ros2/install/articubot_one/share/articubot_one/config/map.rviz
[0.606s] -- Up-to-date symlink: /sbx/ros2/install/articubot_one/share/articubot_one/config/mapper_params_online_async.yaml
[0.606s] -- Up-to-date symlink: /sbx/ros2/install/articubot_one/share/articubot_one/config/my_controllers.yaml
[0.606s] -- Symlinking: /sbx/ros2/install/articubot_one/share/articubot_one/config/my_controllers.yaml.backup
[0.625s] -- Up-to-date symlink: /sbx/ros2/install/articubot_one/share/articubot_one/config/nav2_params.yaml
[0.625s] -- Up-to-date symlink: /sbx/ros2/install/articubot_one/share/articubot_one/config/twist_mux.yaml
[0.625s] -- Up-to-date symlink: /sbx/ros2/install/articubot_one/share/articubot_one/config/view_bot.rviz
[0.626s] -- Up-to-date symlink: /sbx/ros2/install/articubot_one/share/articubot_one/description/camera.xacro
[0.626s] -- Up-to-date symlink: /sbx/ros2/install/articubot_one/share/articubot_one/description/depth_camera.xacro
[0.626s] -- Up-to-date symlink: /sbx/ros2/install/articubot_one/share/articubot_one/description/face.xacro
[0.626s] -- Up-to-date symlink: /sbx/ros2/install/articubot_one/share/articubot_one/description/gazebo_control.xacro
[0.628s] -- Up-to-date symlink: /sbx/ros2/install/articubot_one/share/articubot_one/description/inertial_macros.xacro
[0.628s] -- Up-to-date symlink: /sbx/ros2/install/articubot_one/share/articubot_one/description/lidar.xacro
[0.628s] -- Up-to-date symlink: /sbx/ros2/install/articubot_one/share/articubot_one/description/robot.urdf.xacro
[0.628s] -- Up-to-date symlink: /sbx/ros2/install/articubot_one/share/articubot_one/description/robot_core.xacro
[0.628s] -- Up-to-date symlink: /sbx/ros2/install/articubot_one/share/articubot_one/description/ros2_control.xacro
[0.628s] -- Symlinking: /sbx/ros2/install/articubot_one/share/articubot_one/launch/__pycache__/real_mapping.launch.cpython-310.pyc
[0.629s] [33mCMake Warning (dev) at ament_cmake_symlink_install/ament_cmake_symlink_install.cmake:62 (file):
[0.629s]   Policy CMP0009 is not set: FILE GLOB_RECURSE calls should not follow
[0.629s]   symlinks by default.  Run "cmake --help-policy CMP0009" for policy details.
[0.629s]   Use the cmake_policy command to set the policy and suppress this warning.
[0.629s] Call Stack (most recent call first):
[0.629s]   ament_cmake_symlink_install/ament_cmake_symlink_install.cmake:314 (ament_cmake_symlink_install_directory)
[0.629s]   cmake_install.cmake:46 (include)
[0.629s] This warning is for project developers.  Use -Wno-dev to suppress it.
[0.629s] [0m
[0.646s] -- Up-to-date symlink: /sbx/ros2/install/articubot_one/share/articubot_one/launch/ball_tracker.launch.py
[0.648s] -- Up-to-date symlink: /sbx/ros2/install/articubot_one/share/articubot_one/launch/build/.built_by
[0.648s] -- Up-to-date symlink: /sbx/ros2/install/articubot_one/share/articubot_one/launch/build/COLCON_IGNORE
[0.649s] -- Up-to-date symlink: /sbx/ros2/install/articubot_one/share/articubot_one/launch/camera.launch.py
[0.649s] -- Up-to-date symlink: /sbx/ros2/install/articubot_one/share/articubot_one/launch/install/.colcon_install_layout
[0.649s] -- Up-to-date symlink: /sbx/ros2/install/articubot_one/share/articubot_one/launch/install/COLCON_IGNORE
[0.649s] -- Up-to-date symlink: /sbx/ros2/install/articubot_one/share/articubot_one/launch/install/_local_setup_util_ps1.py
[0.649s] -- Up-to-date symlink: /sbx/ros2/install/articubot_one/share/articubot_one/launch/install/_local_setup_util_sh.py
[0.649s] -- Up-to-date symlink: /sbx/ros2/install/articubot_one/share/articubot_one/launch/install/local_setup.bash
[0.649s] -- Up-to-date symlink: /sbx/ros2/install/articubot_one/share/articubot_one/launch/install/local_setup.ps1
[0.650s] -- Up-to-date symlink: /sbx/ros2/install/articubot_one/share/articubot_one/launch/install/local_setup.sh
[0.650s] -- Up-to-date symlink: /sbx/ros2/install/articubot_one/share/articubot_one/launch/install/local_setup.zsh
[0.650s] -- Up-to-date symlink: /sbx/ros2/install/articubot_one/share/articubot_one/launch/install/setup.bash
[0.650s] -- Up-to-date symlink: /sbx/ros2/install/articubot_one/share/articubot_one/launch/install/setup.ps1
[0.650s] -- Up-to-date symlink: /sbx/ros2/install/articubot_one/share/articubot_one/launch/install/setup.sh
[0.650s] -- Up-to-date symlink: /sbx/ros2/install/articubot_one/share/articubot_one/launch/install/setup.zsh
[0.650s] -- Up-to-date symlink: /sbx/ros2/install/articubot_one/share/articubot_one/launch/joystick.launch.py
[0.650s] -- Up-to-date symlink: /sbx/ros2/install/articubot_one/share/articubot_one/launch/launch_robot.launch.py
[0.651s] -- Up-to-date symlink: /sbx/ros2/install/articubot_one/share/articubot_one/launch/launch_sim.launch.py
[0.651s] -- Up-to-date symlink: /sbx/ros2/install/articubot_one/share/articubot_one/launch/localization_launch.py
[0.651s] -- Up-to-date symlink: /sbx/ros2/install/articubot_one/share/articubot_one/launch/log/COLCON_IGNORE
[0.651s] -- Up-to-date symlink: /sbx/ros2/install/articubot_one/share/articubot_one/launch/log/build_2025-05-07_00-41-40/events.log
[0.651s] -- Up-to-date symlink: /sbx/ros2/install/articubot_one/share/articubot_one/launch/log/build_2025-05-07_00-41-40/logger_all.log
[0.651s] -- Up-to-date symlink: /sbx/ros2/install/articubot_one/share/articubot_one/launch/log/latest/events.log
[0.652s] -- Up-to-date symlink: /sbx/ros2/install/articubot_one/share/articubot_one/launch/log/latest/logger_all.log
[0.652s] -- Up-to-date symlink: /sbx/ros2/install/articubot_one/share/articubot_one/launch/log/latest_build/events.log
[0.652s] -- Up-to-date symlink: /sbx/ros2/install/articubot_one/share/articubot_one/launch/log/latest_build/logger_all.log
[0.652s] -- Up-to-date symlink: /sbx/ros2/install/articubot_one/share/articubot_one/launch/navigation_launch.py
[0.652s] -- Up-to-date symlink: /sbx/ros2/install/articubot_one/share/articubot_one/launch/online_async_launch.py
[0.652s] -- Up-to-date symlink: /sbx/ros2/install/articubot_one/share/articubot_one/launch/real_mapping.launch.py
[0.653s] -- Up-to-date symlink: /sbx/ros2/install/articubot_one/share/articubot_one/launch/rplidar.launch.py
[0.653s] -- Up-to-date symlink: /sbx/ros2/install/articubot_one/share/articubot_one/launch/rsp.launch.py
[0.653s] -- Up-to-date symlink: /sbx/ros2/install/articubot_one/share/articubot_one/worlds/empty.world
[0.653s] -- Up-to-date symlink: /sbx/ros2/install/articubot_one/share/articubot_one/worlds/obstacles.world
[0.653s] -- Up-to-date symlink: /sbx/ros2/install/articubot_one/share/ament_index/resource_index/package_run_dependencies/articubot_one
[0.654s] -- Up-to-date symlink: /sbx/ros2/install/articubot_one/share/ament_index/resource_index/parent_prefix_path/articubot_one
[0.654s] -- Up-to-date symlink: /sbx/ros2/install/articubot_one/share/articubot_one/environment/ament_prefix_path.sh
[0.654s] -- Up-to-date symlink: /sbx/ros2/install/articubot_one/share/articubot_one/environment/ament_prefix_path.dsv
[0.654s] -- Up-to-date symlink: /sbx/ros2/install/articubot_one/share/articubot_one/environment/path.sh
[0.654s] -- Up-to-date symlink: /sbx/ros2/install/articubot_one/share/articubot_one/environment/path.dsv
[0.655s] -- Up-to-date symlink: /sbx/ros2/install/articubot_one/share/articubot_one/local_setup.bash
[0.655s] -- Up-to-date symlink: /sbx/ros2/install/articubot_one/share/articubot_one/local_setup.sh
[0.655s] -- Up-to-date symlink: /sbx/ros2/install/articubot_one/share/articubot_one/local_setup.zsh
[0.655s] -- Up-to-date symlink: /sbx/ros2/install/articubot_one/share/articubot_one/local_setup.dsv
[0.655s] -- Symlinking: /sbx/ros2/install/articubot_one/share/articubot_one/package.dsv
[0.672s] -- Up-to-date symlink: /sbx/ros2/install/articubot_one/share/ament_index/resource_index/packages/articubot_one
[0.673s] -- Up-to-date symlink: /sbx/ros2/install/articubot_one/share/articubot_one/cmake/articubot_oneConfig.cmake
[0.673s] -- Up-to-date symlink: /sbx/ros2/install/articubot_one/share/articubot_one/cmake/articubot_oneConfig-version.cmake
[0.673s] -- Up-to-date symlink: /sbx/ros2/install/articubot_one/share/articubot_one/package.xml
[0.676s] Invoked command in '/sbx/ros2/build/articubot_one' returned '0': CMAKE_PREFIX_PATH=${CMAKE_PREFIX_PATH}:/opt/ros/humble /usr/bin/cmake --install /sbx/ros2/build/articubot_one
