[0.193s] DEBUG:colcon:Command line arguments: ['/usr/bin/colcon', 'build', '--symlink-install']
[0.194s] DEBUG:colcon:Parsed command line arguments: Namespace(log_base=None, log_level=None, verb_name='build', build_base='build', install_base='install', merge_install=False, symlink_install=True, test_result_base=None, continue_on_error=False, executor='parallel', parallel_workers=4, event_handlers=None, ignore_user_meta=False, metas=['./colcon.meta'], base_paths=['.'], packages_ignore=None, packages_ignore_regex=None, paths=None, packages_up_to=None, packages_up_to_regex=None, packages_above=None, packages_above_and_dependencies=None, packages_above_depth=None, packages_select_by_dep=None, packages_skip_by_dep=None, packages_skip_up_to=None, packages_select_build_failed=False, packages_skip_build_finished=False, packages_select_test_failures=False, packages_skip_test_passed=False, packages_select=None, packages_skip=None, packages_select_regex=None, packages_skip_regex=None, packages_start=None, packages_end=None, cmake_args=None, cmake_target=None, cmake_target_skip_unavailable=False, cmake_clean_cache=False, cmake_clean_first=False, cmake_force_configure=False, ament_cmake_args=None, catkin_cmake_args=None, catkin_skip_building_tests=False, verb_parser=<colcon_defaults.argument_parser.defaults.DefaultArgumentsDecorator object at 0xffff859b9420>, verb_extension=<colcon_core.verb.build.BuildVerb object at 0xffff85b7a680>, main=<bound method BuildVerb.main of <colcon_core.verb.build.BuildVerb object at 0xffff85b7a680>>)
[0.400s] Level 1:colcon.colcon_core.package_discovery:discover_packages(colcon_meta) check parameters
[0.400s] Level 1:colcon.colcon_core.package_discovery:discover_packages(recursive) check parameters
[0.400s] Level 1:colcon.colcon_core.package_discovery:discover_packages(ignore) check parameters
[0.400s] Level 1:colcon.colcon_core.package_discovery:discover_packages(path) check parameters
[0.400s] Level 1:colcon.colcon_core.package_discovery:discover_packages(colcon_meta) discover
[0.400s] Level 1:colcon.colcon_core.package_discovery:discover_packages(recursive) discover
[0.400s] INFO:colcon.colcon_core.package_discovery:Crawling recursively for packages in '/sbx/ros2'
[0.400s] Level 1:colcon.colcon_core.package_identification:_identify(.) by extensions ['ignore', 'ignore_ament_install']
[0.400s] Level 1:colcon.colcon_core.package_identification:_identify(.) by extension 'ignore'
[0.400s] Level 1:colcon.colcon_core.package_identification:_identify(.) by extension 'ignore_ament_install'
[0.401s] Level 1:colcon.colcon_core.package_identification:_identify(.) by extensions ['colcon_pkg']
[0.401s] Level 1:colcon.colcon_core.package_identification:_identify(.) by extension 'colcon_pkg'
[0.401s] Level 1:colcon.colcon_core.package_identification:_identify(.) by extensions ['colcon_meta']
[0.401s] Level 1:colcon.colcon_core.package_identification:_identify(.) by extension 'colcon_meta'
[0.401s] Level 1:colcon.colcon_core.package_identification:_identify(.) by extensions ['ros']
[0.401s] Level 1:colcon.colcon_core.package_identification:_identify(.) by extension 'ros'
[0.420s] Level 1:colcon.colcon_core.package_identification:_identify(.) by extensions ['cmake', 'python']
[0.420s] Level 1:colcon.colcon_core.package_identification:_identify(.) by extension 'cmake'
[0.420s] Level 1:colcon.colcon_core.package_identification:_identify(.) by extension 'python'
[0.421s] Level 1:colcon.colcon_core.package_identification:_identify(.) by extensions ['python_setup_py']
[0.421s] Level 1:colcon.colcon_core.package_identification:_identify(.) by extension 'python_setup_py'
[0.421s] Level 1:colcon.colcon_core.package_identification:_identify(archive) by extensions ['ignore', 'ignore_ament_install']
[0.421s] Level 1:colcon.colcon_core.package_identification:_identify(archive) by extension 'ignore'
[0.421s] Level 1:colcon.colcon_core.package_identification:_identify(archive) by extension 'ignore_ament_install'
[0.421s] Level 1:colcon.colcon_core.package_identification:_identify(archive) by extensions ['colcon_pkg']
[0.421s] Level 1:colcon.colcon_core.package_identification:_identify(archive) by extension 'colcon_pkg'
[0.421s] Level 1:colcon.colcon_core.package_identification:_identify(archive) by extensions ['colcon_meta']
[0.421s] Level 1:colcon.colcon_core.package_identification:_identify(archive) by extension 'colcon_meta'
[0.421s] Level 1:colcon.colcon_core.package_identification:_identify(archive) by extensions ['ros']
[0.421s] Level 1:colcon.colcon_core.package_identification:_identify(archive) by extension 'ros'
[0.421s] Level 1:colcon.colcon_core.package_identification:_identify(archive) by extensions ['cmake', 'python']
[0.421s] Level 1:colcon.colcon_core.package_identification:_identify(archive) by extension 'cmake'
[0.422s] Level 1:colcon.colcon_core.package_identification:_identify(archive) by extension 'python'
[0.422s] Level 1:colcon.colcon_core.package_identification:_identify(archive) by extensions ['python_setup_py']
[0.422s] Level 1:colcon.colcon_core.package_identification:_identify(archive) by extension 'python_setup_py'
[0.422s] Level 1:colcon.colcon_core.package_identification:_identify(build) by extensions ['ignore', 'ignore_ament_install']
[0.422s] Level 1:colcon.colcon_core.package_identification:_identify(build) by extension 'ignore'
[0.422s] Level 1:colcon.colcon_core.package_identification:_identify(build) ignored
[0.422s] Level 1:colcon.colcon_core.package_identification:_identify(install) by extensions ['ignore', 'ignore_ament_install']
[0.422s] Level 1:colcon.colcon_core.package_identification:_identify(install) by extension 'ignore'
[0.422s] Level 1:colcon.colcon_core.package_identification:_identify(install) ignored
[0.422s] Level 1:colcon.colcon_core.package_identification:_identify(log) by extensions ['ignore', 'ignore_ament_install']
[0.422s] Level 1:colcon.colcon_core.package_identification:_identify(log) by extension 'ignore'
[0.423s] Level 1:colcon.colcon_core.package_identification:_identify(log) ignored
[0.423s] Level 1:colcon.colcon_core.package_identification:_identify(src) by extensions ['ignore', 'ignore_ament_install']
[0.423s] Level 1:colcon.colcon_core.package_identification:_identify(src) by extension 'ignore'
[0.423s] Level 1:colcon.colcon_core.package_identification:_identify(src) by extension 'ignore_ament_install'
[0.423s] Level 1:colcon.colcon_core.package_identification:_identify(src) by extensions ['colcon_pkg']
[0.423s] Level 1:colcon.colcon_core.package_identification:_identify(src) by extension 'colcon_pkg'
[0.423s] Level 1:colcon.colcon_core.package_identification:_identify(src) by extensions ['colcon_meta']
[0.423s] Level 1:colcon.colcon_core.package_identification:_identify(src) by extension 'colcon_meta'
[0.423s] Level 1:colcon.colcon_core.package_identification:_identify(src) by extensions ['ros']
[0.423s] Level 1:colcon.colcon_core.package_identification:_identify(src) by extension 'ros'
[0.423s] Level 1:colcon.colcon_core.package_identification:_identify(src) by extensions ['cmake', 'python']
[0.423s] Level 1:colcon.colcon_core.package_identification:_identify(src) by extension 'cmake'
[0.423s] Level 1:colcon.colcon_core.package_identification:_identify(src) by extension 'python'
[0.423s] Level 1:colcon.colcon_core.package_identification:_identify(src) by extensions ['python_setup_py']
[0.423s] Level 1:colcon.colcon_core.package_identification:_identify(src) by extension 'python_setup_py'
[0.423s] Level 1:colcon.colcon_core.package_identification:_identify(src/articubot_one) by extensions ['ignore', 'ignore_ament_install']
[0.424s] Level 1:colcon.colcon_core.package_identification:_identify(src/articubot_one) by extension 'ignore'
[0.424s] Level 1:colcon.colcon_core.package_identification:_identify(src/articubot_one) by extension 'ignore_ament_install'
[0.424s] Level 1:colcon.colcon_core.package_identification:_identify(src/articubot_one) by extensions ['colcon_pkg']
[0.424s] Level 1:colcon.colcon_core.package_identification:_identify(src/articubot_one) by extension 'colcon_pkg'
[0.424s] Level 1:colcon.colcon_core.package_identification:_identify(src/articubot_one) by extensions ['colcon_meta']
[0.424s] Level 1:colcon.colcon_core.package_identification:_identify(src/articubot_one) by extension 'colcon_meta'
[0.424s] Level 1:colcon.colcon_core.package_identification:_identify(src/articubot_one) by extensions ['ros']
[0.424s] Level 1:colcon.colcon_core.package_identification:_identify(src/articubot_one) by extension 'ros'
[0.428s] DEBUG:colcon.colcon_core.package_identification:Package 'src/articubot_one' with type 'ros.ament_cmake' and name 'articubot_one'
[0.428s] Level 1:colcon.colcon_core.package_identification:_identify(src/diffdrive_arduino) by extensions ['ignore', 'ignore_ament_install']
[0.428s] Level 1:colcon.colcon_core.package_identification:_identify(src/diffdrive_arduino) by extension 'ignore'
[0.428s] Level 1:colcon.colcon_core.package_identification:_identify(src/diffdrive_arduino) by extension 'ignore_ament_install'
[0.428s] Level 1:colcon.colcon_core.package_identification:_identify(src/diffdrive_arduino) by extensions ['colcon_pkg']
[0.428s] Level 1:colcon.colcon_core.package_identification:_identify(src/diffdrive_arduino) by extension 'colcon_pkg'
[0.428s] Level 1:colcon.colcon_core.package_identification:_identify(src/diffdrive_arduino) by extensions ['colcon_meta']
[0.428s] Level 1:colcon.colcon_core.package_identification:_identify(src/diffdrive_arduino) by extension 'colcon_meta'
[0.428s] Level 1:colcon.colcon_core.package_identification:_identify(src/diffdrive_arduino) by extensions ['ros']
[0.428s] Level 1:colcon.colcon_core.package_identification:_identify(src/diffdrive_arduino) by extension 'ros'
[0.430s] DEBUG:colcon.colcon_core.package_identification:Package 'src/diffdrive_arduino' with type 'ros.ament_cmake' and name 'diffdrive_arduino'
[0.430s] Level 1:colcon.colcon_core.package_identification:_identify(src/serial) by extensions ['ignore', 'ignore_ament_install']
[0.430s] Level 1:colcon.colcon_core.package_identification:_identify(src/serial) by extension 'ignore'
[0.430s] Level 1:colcon.colcon_core.package_identification:_identify(src/serial) by extension 'ignore_ament_install'
[0.430s] Level 1:colcon.colcon_core.package_identification:_identify(src/serial) by extensions ['colcon_pkg']
[0.430s] Level 1:colcon.colcon_core.package_identification:_identify(src/serial) by extension 'colcon_pkg'
[0.430s] Level 1:colcon.colcon_core.package_identification:_identify(src/serial) by extensions ['colcon_meta']
[0.430s] Level 1:colcon.colcon_core.package_identification:_identify(src/serial) by extension 'colcon_meta'
[0.430s] Level 1:colcon.colcon_core.package_identification:_identify(src/serial) by extensions ['ros']
[0.430s] Level 1:colcon.colcon_core.package_identification:_identify(src/serial) by extension 'ros'
[0.431s] DEBUG:colcon.colcon_core.package_identification:Package 'src/serial' with type 'ros.ament_cmake' and name 'serial'
[0.431s] Level 1:colcon.colcon_core.package_discovery:discover_packages(recursive) using defaults
[0.431s] Level 1:colcon.colcon_core.package_discovery:discover_packages(ignore) discover
[0.431s] Level 1:colcon.colcon_core.package_discovery:discover_packages(ignore) using defaults
[0.431s] Level 1:colcon.colcon_core.package_discovery:discover_packages(path) discover
[0.431s] Level 1:colcon.colcon_core.package_discovery:discover_packages(path) using defaults
[0.466s] Level 5:colcon.colcon_core.verb:set package 'articubot_one' build argument 'cmake_args' from command line to 'None'
[0.466s] Level 5:colcon.colcon_core.verb:set package 'articubot_one' build argument 'cmake_target' from command line to 'None'
[0.466s] Level 5:colcon.colcon_core.verb:set package 'articubot_one' build argument 'cmake_target_skip_unavailable' from command line to 'False'
[0.466s] Level 5:colcon.colcon_core.verb:set package 'articubot_one' build argument 'cmake_clean_cache' from command line to 'False'
[0.466s] Level 5:colcon.colcon_core.verb:set package 'articubot_one' build argument 'cmake_clean_first' from command line to 'False'
[0.466s] Level 5:colcon.colcon_core.verb:set package 'articubot_one' build argument 'cmake_force_configure' from command line to 'False'
[0.466s] Level 5:colcon.colcon_core.verb:set package 'articubot_one' build argument 'ament_cmake_args' from command line to 'None'
[0.466s] Level 5:colcon.colcon_core.verb:set package 'articubot_one' build argument 'catkin_cmake_args' from command line to 'None'
[0.466s] Level 5:colcon.colcon_core.verb:set package 'articubot_one' build argument 'catkin_skip_building_tests' from command line to 'False'
[0.466s] DEBUG:colcon.colcon_core.verb:Building package 'articubot_one' with the following arguments: {'ament_cmake_args': None, 'build_base': '/sbx/ros2/build/articubot_one', 'catkin_cmake_args': None, 'catkin_skip_building_tests': False, 'cmake_args': None, 'cmake_clean_cache': False, 'cmake_clean_first': False, 'cmake_force_configure': False, 'cmake_target': None, 'cmake_target_skip_unavailable': False, 'install_base': '/sbx/ros2/install/articubot_one', 'merge_install': False, 'path': '/sbx/ros2/src/articubot_one', 'symlink_install': True, 'test_result_base': None}
[0.467s] Level 5:colcon.colcon_core.verb:set package 'diffdrive_arduino' build argument 'cmake_args' from command line to 'None'
[0.467s] Level 5:colcon.colcon_core.verb:set package 'diffdrive_arduino' build argument 'cmake_target' from command line to 'None'
[0.467s] Level 5:colcon.colcon_core.verb:set package 'diffdrive_arduino' build argument 'cmake_target_skip_unavailable' from command line to 'False'
[0.467s] Level 5:colcon.colcon_core.verb:set package 'diffdrive_arduino' build argument 'cmake_clean_cache' from command line to 'False'
[0.467s] Level 5:colcon.colcon_core.verb:set package 'diffdrive_arduino' build argument 'cmake_clean_first' from command line to 'False'
[0.467s] Level 5:colcon.colcon_core.verb:set package 'diffdrive_arduino' build argument 'cmake_force_configure' from command line to 'False'
[0.467s] Level 5:colcon.colcon_core.verb:set package 'diffdrive_arduino' build argument 'ament_cmake_args' from command line to 'None'
[0.467s] Level 5:colcon.colcon_core.verb:set package 'diffdrive_arduino' build argument 'catkin_cmake_args' from command line to 'None'
[0.467s] Level 5:colcon.colcon_core.verb:set package 'diffdrive_arduino' build argument 'catkin_skip_building_tests' from command line to 'False'
[0.467s] DEBUG:colcon.colcon_core.verb:Building package 'diffdrive_arduino' with the following arguments: {'ament_cmake_args': None, 'build_base': '/sbx/ros2/build/diffdrive_arduino', 'catkin_cmake_args': None, 'catkin_skip_building_tests': False, 'cmake_args': None, 'cmake_clean_cache': False, 'cmake_clean_first': False, 'cmake_force_configure': False, 'cmake_target': None, 'cmake_target_skip_unavailable': False, 'install_base': '/sbx/ros2/install/diffdrive_arduino', 'merge_install': False, 'path': '/sbx/ros2/src/diffdrive_arduino', 'symlink_install': True, 'test_result_base': None}
[0.467s] Level 5:colcon.colcon_core.verb:set package 'serial' build argument 'cmake_args' from command line to 'None'
[0.467s] Level 5:colcon.colcon_core.verb:set package 'serial' build argument 'cmake_target' from command line to 'None'
[0.467s] Level 5:colcon.colcon_core.verb:set package 'serial' build argument 'cmake_target_skip_unavailable' from command line to 'False'
[0.468s] Level 5:colcon.colcon_core.verb:set package 'serial' build argument 'cmake_clean_cache' from command line to 'False'
[0.468s] Level 5:colcon.colcon_core.verb:set package 'serial' build argument 'cmake_clean_first' from command line to 'False'
[0.468s] Level 5:colcon.colcon_core.verb:set package 'serial' build argument 'cmake_force_configure' from command line to 'False'
[0.468s] Level 5:colcon.colcon_core.verb:set package 'serial' build argument 'ament_cmake_args' from command line to 'None'
[0.468s] Level 5:colcon.colcon_core.verb:set package 'serial' build argument 'catkin_cmake_args' from command line to 'None'
[0.468s] Level 5:colcon.colcon_core.verb:set package 'serial' build argument 'catkin_skip_building_tests' from command line to 'False'
[0.468s] DEBUG:colcon.colcon_core.verb:Building package 'serial' with the following arguments: {'ament_cmake_args': None, 'build_base': '/sbx/ros2/build/serial', 'catkin_cmake_args': None, 'catkin_skip_building_tests': False, 'cmake_args': None, 'cmake_clean_cache': False, 'cmake_clean_first': False, 'cmake_force_configure': False, 'cmake_target': None, 'cmake_target_skip_unavailable': False, 'install_base': '/sbx/ros2/install/serial', 'merge_install': False, 'path': '/sbx/ros2/src/serial', 'symlink_install': True, 'test_result_base': None}
[0.468s] INFO:colcon.colcon_core.executor:Executing jobs using 'parallel' executor
[0.469s] DEBUG:colcon.colcon_parallel_executor.executor.parallel:run_until_complete
[0.470s] INFO:colcon.colcon_ros.task.ament_cmake.build:Building ROS package in '/sbx/ros2/src/articubot_one' with build type 'ament_cmake'
[0.470s] INFO:colcon.colcon_cmake.task.cmake.build:Building CMake package in '/sbx/ros2/src/articubot_one'
[0.476s] INFO:colcon.colcon_core.plugin_system:Skipping extension 'colcon_core.shell.bat': Not used on non-Windows systems
[0.476s] INFO:colcon.colcon_core.shell:Skip shell extension 'powershell' for command environment: Not usable outside of PowerShell
[0.477s] DEBUG:colcon.colcon_core.shell:Skip shell extension 'dsv' for command environment
[0.486s] INFO:colcon.colcon_ros.task.ament_cmake.build:Building ROS package in '/sbx/ros2/src/diffdrive_arduino' with build type 'ament_cmake'
[0.486s] INFO:colcon.colcon_cmake.task.cmake.build:Building CMake package in '/sbx/ros2/src/diffdrive_arduino'
[0.487s] INFO:colcon.colcon_core.shell:Skip shell extension 'powershell' for command environment: Not usable outside of PowerShell
[0.487s] DEBUG:colcon.colcon_core.shell:Skip shell extension 'dsv' for command environment
[0.493s] INFO:colcon.colcon_ros.task.ament_cmake.build:Building ROS package in '/sbx/ros2/src/serial' with build type 'ament_cmake'
[0.493s] INFO:colcon.colcon_cmake.task.cmake.build:Building CMake package in '/sbx/ros2/src/serial'
[0.494s] INFO:colcon.colcon_core.shell:Skip shell extension 'powershell' for command environment: Not usable outside of PowerShell
[0.494s] DEBUG:colcon.colcon_core.shell:Skip shell extension 'dsv' for command environment
[0.505s] DEBUG:colcon.colcon_core.event_handler.log_command:Invoking command in '/sbx/ros2/build/articubot_one': CMAKE_PREFIX_PATH=${CMAKE_PREFIX_PATH}:/opt/ros/humble /usr/bin/cmake /sbx/ros2/src/articubot_one -DAMENT_CMAKE_SYMLINK_INSTALL=1 -DCMAKE_INSTALL_PREFIX=/sbx/ros2/install/articubot_one
[0.513s] DEBUG:colcon.colcon_core.event_handler.log_command:Invoking command in '/sbx/ros2/build/diffdrive_arduino': CMAKE_PREFIX_PATH=${CMAKE_PREFIX_PATH}:/opt/ros/humble /usr/bin/cmake --build /sbx/ros2/build/diffdrive_arduino -- -j4 -l4
[0.522s] DEBUG:colcon.colcon_core.event_handler.log_command:Invoking command in '/sbx/ros2/build/serial': CMAKE_PREFIX_PATH=${CMAKE_PREFIX_PATH}:/opt/ros/humble /usr/bin/cmake --build /sbx/ros2/build/serial -- -j4 -l4
[0.832s] DEBUG:colcon.colcon_core.event_handler.log_command:Invoked command in '/sbx/ros2/build/diffdrive_arduino' returned '0': CMAKE_PREFIX_PATH=${CMAKE_PREFIX_PATH}:/opt/ros/humble /usr/bin/cmake --build /sbx/ros2/build/diffdrive_arduino -- -j4 -l4
[0.856s] DEBUG:colcon.colcon_core.event_handler.log_command:Invoking command in '/sbx/ros2/build/diffdrive_arduino': CMAKE_PREFIX_PATH=${CMAKE_PREFIX_PATH}:/opt/ros/humble /usr/bin/cmake --install /sbx/ros2/build/diffdrive_arduino
[0.862s] DEBUG:colcon.colcon_core.event_handler.log_command:Invoked command in '/sbx/ros2/build/serial' returned '0': CMAKE_PREFIX_PATH=${CMAKE_PREFIX_PATH}:/opt/ros/humble /usr/bin/cmake --build /sbx/ros2/build/serial -- -j4 -l4
[0.863s] DEBUG:colcon.colcon_core.event_handler.log_command:Invoking command in '/sbx/ros2/build/serial': CMAKE_PREFIX_PATH=${CMAKE_PREFIX_PATH}:/opt/ros/humble /usr/bin/cmake --install /sbx/ros2/build/serial
[0.917s] Level 1:colcon.colcon_core.environment:create_environment_scripts_only(diffdrive_arduino)
[0.918s] DEBUG:colcon.colcon_core.event_handler.log_command:Invoked command in '/sbx/ros2/build/diffdrive_arduino' returned '0': CMAKE_PREFIX_PATH=${CMAKE_PREFIX_PATH}:/opt/ros/humble /usr/bin/cmake --install /sbx/ros2/build/diffdrive_arduino
[0.926s] Level 1:colcon.colcon_core.environment:checking '/sbx/ros2/install/diffdrive_arduino' for CMake module files
[0.927s] Level 1:colcon.colcon_core.environment:checking '/sbx/ros2/install/diffdrive_arduino' for CMake config files
[0.928s] Level 1:colcon.colcon_core.shell:create_environment_hook('diffdrive_arduino', 'cmake_prefix_path')
[0.929s] INFO:colcon.colcon_core.shell:Creating environment hook '/sbx/ros2/install/diffdrive_arduino/share/diffdrive_arduino/hook/cmake_prefix_path.ps1'
[0.930s] INFO:colcon.colcon_core.shell:Creating environment descriptor '/sbx/ros2/install/diffdrive_arduino/share/diffdrive_arduino/hook/cmake_prefix_path.dsv'
[0.932s] INFO:colcon.colcon_core.shell:Creating environment hook '/sbx/ros2/install/diffdrive_arduino/share/diffdrive_arduino/hook/cmake_prefix_path.sh'
[0.933s] Level 1:colcon.colcon_core.environment:checking '/sbx/ros2/install/diffdrive_arduino/lib'
[0.934s] Level 1:colcon.colcon_core.shell:create_environment_hook('diffdrive_arduino', 'ld_library_path_lib')
[0.934s] INFO:colcon.colcon_core.shell:Creating environment hook '/sbx/ros2/install/diffdrive_arduino/share/diffdrive_arduino/hook/ld_library_path_lib.ps1'
[0.935s] INFO:colcon.colcon_core.shell:Creating environment descriptor '/sbx/ros2/install/diffdrive_arduino/share/diffdrive_arduino/hook/ld_library_path_lib.dsv'
[0.935s] INFO:colcon.colcon_core.shell:Creating environment hook '/sbx/ros2/install/diffdrive_arduino/share/diffdrive_arduino/hook/ld_library_path_lib.sh'
[0.936s] Level 1:colcon.colcon_core.environment:checking '/sbx/ros2/install/diffdrive_arduino/bin'
[0.936s] Level 1:colcon.colcon_core.environment:checking '/sbx/ros2/install/diffdrive_arduino/lib/pkgconfig/diffdrive_arduino.pc'
[0.939s] Level 1:colcon.colcon_core.environment:checking '/sbx/ros2/install/diffdrive_arduino/lib/python3.10/site-packages'
[0.940s] Level 1:colcon.colcon_core.environment:checking '/sbx/ros2/install/diffdrive_arduino/bin'
[0.940s] INFO:colcon.colcon_core.shell:Creating package script '/sbx/ros2/install/diffdrive_arduino/share/diffdrive_arduino/package.ps1'
[0.942s] INFO:colcon.colcon_core.shell:Creating package descriptor '/sbx/ros2/install/diffdrive_arduino/share/diffdrive_arduino/package.dsv'
[0.943s] INFO:colcon.colcon_core.shell:Creating package script '/sbx/ros2/install/diffdrive_arduino/share/diffdrive_arduino/package.sh'
[0.945s] INFO:colcon.colcon_core.shell:Creating package script '/sbx/ros2/install/diffdrive_arduino/share/diffdrive_arduino/package.bash'
[0.946s] INFO:colcon.colcon_core.shell:Creating package script '/sbx/ros2/install/diffdrive_arduino/share/diffdrive_arduino/package.zsh'
[0.947s] Level 1:colcon.colcon_core.environment:create_file_with_runtime_dependencies(/sbx/ros2/install/diffdrive_arduino/share/colcon-core/packages/diffdrive_arduino)
[0.948s] Level 1:colcon.colcon_core.environment:create_environment_scripts_only(diffdrive_arduino)
[0.949s] Level 1:colcon.colcon_core.environment:checking '/sbx/ros2/install/diffdrive_arduino' for CMake module files
[0.949s] Level 1:colcon.colcon_core.environment:checking '/sbx/ros2/install/diffdrive_arduino' for CMake config files
[0.950s] Level 1:colcon.colcon_core.shell:create_environment_hook('diffdrive_arduino', 'cmake_prefix_path')
[0.951s] INFO:colcon.colcon_core.shell:Creating environment hook '/sbx/ros2/install/diffdrive_arduino/share/diffdrive_arduino/hook/cmake_prefix_path.ps1'
[0.951s] INFO:colcon.colcon_core.shell:Creating environment descriptor '/sbx/ros2/install/diffdrive_arduino/share/diffdrive_arduino/hook/cmake_prefix_path.dsv'
[0.952s] INFO:colcon.colcon_core.shell:Creating environment hook '/sbx/ros2/install/diffdrive_arduino/share/diffdrive_arduino/hook/cmake_prefix_path.sh'
[0.953s] Level 1:colcon.colcon_core.environment:checking '/sbx/ros2/install/diffdrive_arduino/lib'
[0.953s] Level 1:colcon.colcon_core.shell:create_environment_hook('diffdrive_arduino', 'ld_library_path_lib')
[0.954s] INFO:colcon.colcon_core.shell:Creating environment hook '/sbx/ros2/install/diffdrive_arduino/share/diffdrive_arduino/hook/ld_library_path_lib.ps1'
[0.954s] INFO:colcon.colcon_core.shell:Creating environment descriptor '/sbx/ros2/install/diffdrive_arduino/share/diffdrive_arduino/hook/ld_library_path_lib.dsv'
[0.955s] INFO:colcon.colcon_core.shell:Creating environment hook '/sbx/ros2/install/diffdrive_arduino/share/diffdrive_arduino/hook/ld_library_path_lib.sh'
[0.956s] Level 1:colcon.colcon_core.environment:checking '/sbx/ros2/install/diffdrive_arduino/bin'
[0.956s] Level 1:colcon.colcon_core.environment:checking '/sbx/ros2/install/diffdrive_arduino/lib/pkgconfig/diffdrive_arduino.pc'
[0.956s] Level 1:colcon.colcon_core.environment:checking '/sbx/ros2/install/diffdrive_arduino/lib/python3.10/site-packages'
[0.957s] Level 1:colcon.colcon_core.environment:checking '/sbx/ros2/install/diffdrive_arduino/bin'
[0.957s] INFO:colcon.colcon_core.shell:Creating package script '/sbx/ros2/install/diffdrive_arduino/share/diffdrive_arduino/package.ps1'
[0.958s] INFO:colcon.colcon_core.shell:Creating package descriptor '/sbx/ros2/install/diffdrive_arduino/share/diffdrive_arduino/package.dsv'
[0.959s] INFO:colcon.colcon_core.shell:Creating package script '/sbx/ros2/install/diffdrive_arduino/share/diffdrive_arduino/package.sh'
[0.960s] INFO:colcon.colcon_core.shell:Creating package script '/sbx/ros2/install/diffdrive_arduino/share/diffdrive_arduino/package.bash'
[0.961s] INFO:colcon.colcon_core.shell:Creating package script '/sbx/ros2/install/diffdrive_arduino/share/diffdrive_arduino/package.zsh'
[0.962s] Level 1:colcon.colcon_core.environment:create_file_with_runtime_dependencies(/sbx/ros2/install/diffdrive_arduino/share/colcon-core/packages/diffdrive_arduino)
[0.964s] Level 1:colcon.colcon_core.environment:create_environment_scripts_only(serial)
[0.964s] Level 1:colcon.colcon_core.environment:checking '/sbx/ros2/install/serial' for CMake module files
[0.965s] DEBUG:colcon.colcon_core.event_handler.log_command:Invoked command in '/sbx/ros2/build/serial' returned '0': CMAKE_PREFIX_PATH=${CMAKE_PREFIX_PATH}:/opt/ros/humble /usr/bin/cmake --install /sbx/ros2/build/serial
[0.966s] Level 1:colcon.colcon_core.environment:checking '/sbx/ros2/install/serial' for CMake config files
[0.966s] Level 1:colcon.colcon_core.shell:create_environment_hook('serial', 'cmake_prefix_path')
[0.967s] INFO:colcon.colcon_core.shell:Creating environment hook '/sbx/ros2/install/serial/share/serial/hook/cmake_prefix_path.ps1'
[0.967s] INFO:colcon.colcon_core.shell:Creating environment descriptor '/sbx/ros2/install/serial/share/serial/hook/cmake_prefix_path.dsv'
[0.968s] INFO:colcon.colcon_core.shell:Creating environment hook '/sbx/ros2/install/serial/share/serial/hook/cmake_prefix_path.sh'
[0.969s] Level 1:colcon.colcon_core.environment:checking '/sbx/ros2/install/serial/lib'
[0.970s] Level 1:colcon.colcon_core.environment:checking '/sbx/ros2/install/serial/bin'
[0.970s] Level 1:colcon.colcon_core.environment:checking '/sbx/ros2/install/serial/lib/pkgconfig/serial.pc'
[0.970s] Level 1:colcon.colcon_core.environment:checking '/sbx/ros2/install/serial/lib/python3.10/site-packages'
[0.971s] Level 1:colcon.colcon_core.environment:checking '/sbx/ros2/install/serial/bin'
[0.971s] INFO:colcon.colcon_core.shell:Creating package script '/sbx/ros2/install/serial/share/serial/package.ps1'
[0.973s] INFO:colcon.colcon_core.shell:Creating package descriptor '/sbx/ros2/install/serial/share/serial/package.dsv'
[0.973s] INFO:colcon.colcon_core.shell:Creating package script '/sbx/ros2/install/serial/share/serial/package.sh'
[0.974s] INFO:colcon.colcon_core.shell:Creating package script '/sbx/ros2/install/serial/share/serial/package.bash'
[0.975s] INFO:colcon.colcon_core.shell:Creating package script '/sbx/ros2/install/serial/share/serial/package.zsh'
[0.975s] Level 1:colcon.colcon_core.environment:create_file_with_runtime_dependencies(/sbx/ros2/install/serial/share/colcon-core/packages/serial)
[0.976s] Level 1:colcon.colcon_core.environment:create_environment_scripts_only(serial)
[0.977s] Level 1:colcon.colcon_core.environment:checking '/sbx/ros2/install/serial' for CMake module files
[0.978s] Level 1:colcon.colcon_core.environment:checking '/sbx/ros2/install/serial' for CMake config files
[0.978s] Level 1:colcon.colcon_core.shell:create_environment_hook('serial', 'cmake_prefix_path')
[0.978s] INFO:colcon.colcon_core.shell:Creating environment hook '/sbx/ros2/install/serial/share/serial/hook/cmake_prefix_path.ps1'
[0.979s] INFO:colcon.colcon_core.shell:Creating environment descriptor '/sbx/ros2/install/serial/share/serial/hook/cmake_prefix_path.dsv'
[0.980s] INFO:colcon.colcon_core.shell:Creating environment hook '/sbx/ros2/install/serial/share/serial/hook/cmake_prefix_path.sh'
[0.981s] Level 1:colcon.colcon_core.environment:checking '/sbx/ros2/install/serial/lib'
[0.982s] Level 1:colcon.colcon_core.environment:checking '/sbx/ros2/install/serial/bin'
[0.982s] Level 1:colcon.colcon_core.environment:checking '/sbx/ros2/install/serial/lib/pkgconfig/serial.pc'
[0.982s] Level 1:colcon.colcon_core.environment:checking '/sbx/ros2/install/serial/lib/python3.10/site-packages'
[0.982s] Level 1:colcon.colcon_core.environment:checking '/sbx/ros2/install/serial/bin'
[0.983s] INFO:colcon.colcon_core.shell:Creating package script '/sbx/ros2/install/serial/share/serial/package.ps1'
[0.983s] INFO:colcon.colcon_core.shell:Creating package descriptor '/sbx/ros2/install/serial/share/serial/package.dsv'
[0.985s] INFO:colcon.colcon_core.shell:Creating package script '/sbx/ros2/install/serial/share/serial/package.sh'
[0.986s] INFO:colcon.colcon_core.shell:Creating package script '/sbx/ros2/install/serial/share/serial/package.bash'
[0.986s] INFO:colcon.colcon_core.shell:Creating package script '/sbx/ros2/install/serial/share/serial/package.zsh'
[0.987s] Level 1:colcon.colcon_core.environment:create_file_with_runtime_dependencies(/sbx/ros2/install/serial/share/colcon-core/packages/serial)
[1.103s] DEBUG:colcon.colcon_core.event_handler.log_command:Invoked command in '/sbx/ros2/build/articubot_one' returned '0': CMAKE_PREFIX_PATH=${CMAKE_PREFIX_PATH}:/opt/ros/humble /usr/bin/cmake /sbx/ros2/src/articubot_one -DAMENT_CMAKE_SYMLINK_INSTALL=1 -DCMAKE_INSTALL_PREFIX=/sbx/ros2/install/articubot_one
[1.106s] DEBUG:colcon.colcon_core.event_handler.log_command:Invoking command in '/sbx/ros2/build/articubot_one': CMAKE_PREFIX_PATH=${CMAKE_PREFIX_PATH}:/opt/ros/humble /usr/bin/cmake --build /sbx/ros2/build/articubot_one -- -j4 -l4
[1.174s] DEBUG:colcon.colcon_core.event_handler.log_command:Invoked command in '/sbx/ros2/build/articubot_one' returned '0': CMAKE_PREFIX_PATH=${CMAKE_PREFIX_PATH}:/opt/ros/humble /usr/bin/cmake --build /sbx/ros2/build/articubot_one -- -j4 -l4
[1.177s] DEBUG:colcon.colcon_core.event_handler.log_command:Invoking command in '/sbx/ros2/build/articubot_one': CMAKE_PREFIX_PATH=${CMAKE_PREFIX_PATH}:/opt/ros/humble /usr/bin/cmake --install /sbx/ros2/build/articubot_one
[1.222s] Level 1:colcon.colcon_core.environment:create_environment_scripts_only(articubot_one)
[1.222s] Level 1:colcon.colcon_core.environment:checking '/sbx/ros2/install/articubot_one' for CMake module files
[1.223s] DEBUG:colcon.colcon_core.event_handler.log_command:Invoked command in '/sbx/ros2/build/articubot_one' returned '0': CMAKE_PREFIX_PATH=${CMAKE_PREFIX_PATH}:/opt/ros/humble /usr/bin/cmake --install /sbx/ros2/build/articubot_one
[1.223s] Level 1:colcon.colcon_core.environment:checking '/sbx/ros2/install/articubot_one' for CMake config files
[1.224s] Level 1:colcon.colcon_core.shell:create_environment_hook('articubot_one', 'cmake_prefix_path')
[1.225s] INFO:colcon.colcon_core.shell:Creating environment hook '/sbx/ros2/install/articubot_one/share/articubot_one/hook/cmake_prefix_path.ps1'
[1.225s] INFO:colcon.colcon_core.shell:Creating environment descriptor '/sbx/ros2/install/articubot_one/share/articubot_one/hook/cmake_prefix_path.dsv'
[1.226s] INFO:colcon.colcon_core.shell:Creating environment hook '/sbx/ros2/install/articubot_one/share/articubot_one/hook/cmake_prefix_path.sh'
[1.227s] Level 1:colcon.colcon_core.environment:checking '/sbx/ros2/install/articubot_one/bin'
[1.227s] Level 1:colcon.colcon_core.environment:checking '/sbx/ros2/install/articubot_one/lib/pkgconfig/articubot_one.pc'
[1.227s] Level 1:colcon.colcon_core.environment:checking '/sbx/ros2/install/articubot_one/lib/python3.10/site-packages'
[1.228s] Level 1:colcon.colcon_core.environment:checking '/sbx/ros2/install/articubot_one/bin'
[1.228s] INFO:colcon.colcon_core.shell:Creating package script '/sbx/ros2/install/articubot_one/share/articubot_one/package.ps1'
[1.229s] INFO:colcon.colcon_core.shell:Creating package descriptor '/sbx/ros2/install/articubot_one/share/articubot_one/package.dsv'
[1.229s] INFO:colcon.colcon_core.shell:Creating package script '/sbx/ros2/install/articubot_one/share/articubot_one/package.sh'
[1.230s] INFO:colcon.colcon_core.shell:Creating package script '/sbx/ros2/install/articubot_one/share/articubot_one/package.bash'
[1.231s] INFO:colcon.colcon_core.shell:Creating package script '/sbx/ros2/install/articubot_one/share/articubot_one/package.zsh'
[1.231s] Level 1:colcon.colcon_core.environment:create_file_with_runtime_dependencies(/sbx/ros2/install/articubot_one/share/colcon-core/packages/articubot_one)
[1.232s] Level 1:colcon.colcon_core.environment:create_environment_scripts_only(articubot_one)
[1.232s] Level 1:colcon.colcon_core.environment:checking '/sbx/ros2/install/articubot_one' for CMake module files
[1.233s] Level 1:colcon.colcon_core.environment:checking '/sbx/ros2/install/articubot_one' for CMake config files
[1.234s] Level 1:colcon.colcon_core.shell:create_environment_hook('articubot_one', 'cmake_prefix_path')
[1.235s] INFO:colcon.colcon_core.shell:Creating environment hook '/sbx/ros2/install/articubot_one/share/articubot_one/hook/cmake_prefix_path.ps1'
[1.235s] INFO:colcon.colcon_core.shell:Creating environment descriptor '/sbx/ros2/install/articubot_one/share/articubot_one/hook/cmake_prefix_path.dsv'
[1.236s] INFO:colcon.colcon_core.shell:Creating environment hook '/sbx/ros2/install/articubot_one/share/articubot_one/hook/cmake_prefix_path.sh'
[1.238s] Level 1:colcon.colcon_core.environment:checking '/sbx/ros2/install/articubot_one/bin'
[1.238s] Level 1:colcon.colcon_core.environment:checking '/sbx/ros2/install/articubot_one/lib/pkgconfig/articubot_one.pc'
[1.238s] Level 1:colcon.colcon_core.environment:checking '/sbx/ros2/install/articubot_one/lib/python3.10/site-packages'
[1.239s] Level 1:colcon.colcon_core.environment:checking '/sbx/ros2/install/articubot_one/bin'
[1.239s] INFO:colcon.colcon_core.shell:Creating package script '/sbx/ros2/install/articubot_one/share/articubot_one/package.ps1'
[1.240s] INFO:colcon.colcon_core.shell:Creating package descriptor '/sbx/ros2/install/articubot_one/share/articubot_one/package.dsv'
[1.241s] INFO:colcon.colcon_core.shell:Creating package script '/sbx/ros2/install/articubot_one/share/articubot_one/package.sh'
[1.242s] INFO:colcon.colcon_core.shell:Creating package script '/sbx/ros2/install/articubot_one/share/articubot_one/package.bash'
[1.242s] INFO:colcon.colcon_core.shell:Creating package script '/sbx/ros2/install/articubot_one/share/articubot_one/package.zsh'
[1.243s] Level 1:colcon.colcon_core.environment:create_file_with_runtime_dependencies(/sbx/ros2/install/articubot_one/share/colcon-core/packages/articubot_one)
[1.243s] DEBUG:colcon.colcon_parallel_executor.executor.parallel:closing loop
[1.243s] DEBUG:colcon.colcon_parallel_executor.executor.parallel:loop closed
[1.244s] DEBUG:colcon.colcon_parallel_executor.executor.parallel:run_until_complete finished with '0'
[1.244s] DEBUG:colcon.colcon_core.event_reactor:joining thread
[1.260s] INFO:colcon.colcon_core.plugin_system:Skipping extension 'colcon_notification.desktop_notification.notify_send': Could not find 'notify-send'
[1.260s] INFO:colcon.colcon_core.plugin_system:Skipping extension 'colcon_notification.desktop_notification.terminal_notifier': Not used on non-Darwin systems
[1.260s] INFO:colcon.colcon_core.plugin_system:Skipping extension 'colcon_notification.desktop_notification.win32': Not used on non-Windows systems
[1.260s] INFO:colcon.colcon_notification.desktop_notification:Sending desktop notification using 'notify2'
[1.260s] DEBUG:colcon.colcon_notification.desktop_notification.notify2:Failed to initialize notify2: org.freedesktop.DBus.Error.NotSupported: Unable to autolaunch a dbus-daemon without a $DISPLAY for X11
[1.261s] DEBUG:colcon.colcon_core.event_reactor:joined thread
[1.261s] INFO:colcon.colcon_core.shell:Creating prefix script '/sbx/ros2/install/local_setup.ps1'
[1.263s] INFO:colcon.colcon_core.shell:Creating prefix util module '/sbx/ros2/install/_local_setup_util_ps1.py'
[1.266s] INFO:colcon.colcon_core.shell:Creating prefix chain script '/sbx/ros2/install/setup.ps1'
[1.269s] INFO:colcon.colcon_core.shell:Creating prefix script '/sbx/ros2/install/local_setup.sh'
[1.270s] INFO:colcon.colcon_core.shell:Creating prefix util module '/sbx/ros2/install/_local_setup_util_sh.py'
[1.271s] INFO:colcon.colcon_core.shell:Creating prefix chain script '/sbx/ros2/install/setup.sh'
[1.273s] INFO:colcon.colcon_core.shell:Creating prefix script '/sbx/ros2/install/local_setup.bash'
[1.274s] INFO:colcon.colcon_core.shell:Creating prefix chain script '/sbx/ros2/install/setup.bash'
[1.277s] INFO:colcon.colcon_core.shell:Creating prefix script '/sbx/ros2/install/local_setup.zsh'
[1.278s] INFO:colcon.colcon_core.shell:Creating prefix chain script '/sbx/ros2/install/setup.zsh'
