[0.020s] Invoking command in '/sbx/ros2/build/articubot_one': CMAKE_PREFIX_PATH=/opt/ros/humble /usr/bin/cmake /sbx/ros2/src/articubot_one -DAMENT_CMAKE_SYMLINK_INSTALL=1 -DCMAKE_INSTALL_PREFIX=/sbx/ros2/install/articubot_one
[0.150s] -- The C compiler identification is GNU 11.4.0
[0.265s] -- The CXX compiler identification is GNU 11.4.0
[0.277s] -- Detecting C compiler ABI info
[0.424s] -- Detecting C compiler ABI info - done
[0.435s] -- Check for working C compiler: /usr/bin/cc - skipped
[0.436s] -- Detecting C compile features
[0.436s] -- Detecting C compile features - done
[0.441s] -- Detecting CXX compiler ABI info
[0.607s] -- Detecting CXX compiler ABI info - done
[0.619s] -- Check for working CXX compiler: /usr/bin/c++ - skipped
[0.619s] -- Detecting CXX compile features
[0.620s] -- Detecting CXX compile features - done
[0.624s] -- Found ament_cmake: 1.3.11 (/opt/ros/humble/share/ament_cmake/cmake)
[0.874s] -- Found Python3: /usr/bin/python3 (found version "3.10.12") found components: Interpreter 
[0.991s] -- Override CMake install command with custom implementation using symlinks instead of copying resources
[1.025s] -- Found ament_lint_auto: 0.12.12 (/opt/ros/humble/share/ament_lint_auto/cmake)
[1.175s] -- Added test 'copyright' to check source files copyright and LICENSE
[1.188s] -- Added test 'flake8' to check Python code syntax and style conventions
[1.190s] -- Added test 'lint_cmake' to check CMake code style
[1.191s] -- Added test 'pep257' to check Python code against some of the docstring style conventions in PEP 257
[1.201s] -- Added test 'xmllint' to check XML markup files
[1.201s] -- Configuring done
[1.206s] -- Generating done
[1.208s] -- Build files have been written to: /sbx/ros2/build/articubot_one
[1.221s] Invoked command in '/sbx/ros2/build/articubot_one' returned '0': CMAKE_PREFIX_PATH=/opt/ros/humble /usr/bin/cmake /sbx/ros2/src/articubot_one -DAMENT_CMAKE_SYMLINK_INSTALL=1 -DCMAKE_INSTALL_PREFIX=/sbx/ros2/install/articubot_one
[1.221s] Invoking command in '/sbx/ros2/build/articubot_one': CMAKE_PREFIX_PATH=/opt/ros/humble /usr/bin/cmake --build /sbx/ros2/build/articubot_one -- -j4 -l4
[1.295s] Invoked command in '/sbx/ros2/build/articubot_one' returned '0': CMAKE_PREFIX_PATH=/opt/ros/humble /usr/bin/cmake --build /sbx/ros2/build/articubot_one -- -j4 -l4
[1.326s] Invoking command in '/sbx/ros2/build/articubot_one': CMAKE_PREFIX_PATH=/opt/ros/humble /usr/bin/cmake --install /sbx/ros2/build/articubot_one
[1.340s] -- Install configuration: ""
[1.340s] -- Execute custom install script
[1.341s] -- Symlinking: /sbx/ros2/install/articubot_one/share/articubot_one/config/ball_tracker_params_robot.yaml
[1.359s] -- Symlinking: /sbx/ros2/install/articubot_one/share/articubot_one/config/ball_tracker_params_sim.yaml
[1.378s] -- Symlinking: /sbx/ros2/install/articubot_one/share/articubot_one/config/drive_bot.rviz
[1.398s] -- Symlinking: /sbx/ros2/install/articubot_one/share/articubot_one/config/empty.yaml
[1.415s] -- Symlinking: /sbx/ros2/install/articubot_one/share/articubot_one/config/gaz_ros2_ctl_use_sim.yaml
[1.434s] -- Symlinking: /sbx/ros2/install/articubot_one/share/articubot_one/config/gazebo_params.yaml
[1.454s] -- Symlinking: /sbx/ros2/install/articubot_one/share/articubot_one/config/joystick.yaml
[1.471s] -- Symlinking: /sbx/ros2/install/articubot_one/share/articubot_one/config/main.rviz
[1.488s] -- Symlinking: /sbx/ros2/install/articubot_one/share/articubot_one/config/map.rviz
[1.507s] -- Symlinking: /sbx/ros2/install/articubot_one/share/articubot_one/config/mapper_params_online_async.yaml
[1.523s] -- Symlinking: /sbx/ros2/install/articubot_one/share/articubot_one/config/my_controllers.yaml
[1.541s] -- Symlinking: /sbx/ros2/install/articubot_one/share/articubot_one/config/nav2_params.yaml
[1.558s] -- Symlinking: /sbx/ros2/install/articubot_one/share/articubot_one/config/twist_mux.yaml
[1.581s] -- Symlinking: /sbx/ros2/install/articubot_one/share/articubot_one/config/view_bot.rviz
[1.605s] -- Symlinking: /sbx/ros2/install/articubot_one/share/articubot_one/description/camera.xacro
[1.639s] -- Symlinking: /sbx/ros2/install/articubot_one/share/articubot_one/description/depth_camera.xacro
[1.685s] -- Symlinking: /sbx/ros2/install/articubot_one/share/articubot_one/description/face.xacro
[1.729s] -- Symlinking: /sbx/ros2/install/articubot_one/share/articubot_one/description/gazebo_control.xacro
[1.768s] -- Symlinking: /sbx/ros2/install/articubot_one/share/articubot_one/description/inertial_macros.xacro
[1.818s] -- Symlinking: /sbx/ros2/install/articubot_one/share/articubot_one/description/lidar.xacro
[1.861s] -- Symlinking: /sbx/ros2/install/articubot_one/share/articubot_one/description/robot.urdf.xacro
[1.900s] -- Symlinking: /sbx/ros2/install/articubot_one/share/articubot_one/description/robot_core.xacro
[1.944s] -- Symlinking: /sbx/ros2/install/articubot_one/share/articubot_one/description/ros2_control.xacro
[1.984s] -- Symlinking: /sbx/ros2/install/articubot_one/share/articubot_one/launch/ball_tracker.launch.py
[2.022s] -- Symlinking: /sbx/ros2/install/articubot_one/share/articubot_one/launch/camera.launch.py
[2.069s] -- Symlinking: /sbx/ros2/install/articubot_one/share/articubot_one/launch/joystick.launch.py
[2.101s] -- Symlinking: /sbx/ros2/install/articubot_one/share/articubot_one/launch/launch_robot.launch.py
[2.123s] -- Symlinking: /sbx/ros2/install/articubot_one/share/articubot_one/launch/launch_sim.launch.py
[2.150s] -- Symlinking: /sbx/ros2/install/articubot_one/share/articubot_one/launch/localization_launch.py
[2.165s] -- Symlinking: /sbx/ros2/install/articubot_one/share/articubot_one/launch/navigation_launch.py
[2.186s] -- Symlinking: /sbx/ros2/install/articubot_one/share/articubot_one/launch/online_async_launch.py
[2.206s] -- Symlinking: /sbx/ros2/install/articubot_one/share/articubot_one/launch/rplidar.launch.py
[2.227s] -- Symlinking: /sbx/ros2/install/articubot_one/share/articubot_one/launch/rsp.launch.py
[2.249s] -- Symlinking: /sbx/ros2/install/articubot_one/share/articubot_one/worlds/empty.world
[2.271s] -- Symlinking: /sbx/ros2/install/articubot_one/share/articubot_one/worlds/obstacles.world
[2.294s] -- Symlinking: /sbx/ros2/install/articubot_one/share/ament_index/resource_index/package_run_dependencies/articubot_one
[2.316s] -- Symlinking: /sbx/ros2/install/articubot_one/share/ament_index/resource_index/parent_prefix_path/articubot_one
[2.339s] -- Symlinking: /sbx/ros2/install/articubot_one/share/articubot_one/environment/ament_prefix_path.sh
[2.361s] -- Symlinking: /sbx/ros2/install/articubot_one/share/articubot_one/environment/ament_prefix_path.dsv
[2.382s] -- Symlinking: /sbx/ros2/install/articubot_one/share/articubot_one/environment/path.sh
[2.405s] -- Symlinking: /sbx/ros2/install/articubot_one/share/articubot_one/environment/path.dsv
[2.451s] -- Symlinking: /sbx/ros2/install/articubot_one/share/articubot_one/local_setup.bash
[2.496s] -- Symlinking: /sbx/ros2/install/articubot_one/share/articubot_one/local_setup.sh
[2.524s] -- Symlinking: /sbx/ros2/install/articubot_one/share/articubot_one/local_setup.zsh
[2.545s] -- Symlinking: /sbx/ros2/install/articubot_one/share/articubot_one/local_setup.dsv
[2.564s] -- Symlinking: /sbx/ros2/install/articubot_one/share/articubot_one/package.dsv
[2.586s] -- Symlinking: /sbx/ros2/install/articubot_one/share/ament_index/resource_index/packages/articubot_one
[2.609s] -- Symlinking: /sbx/ros2/install/articubot_one/share/articubot_one/cmake/articubot_oneConfig.cmake
[2.637s] -- Symlinking: /sbx/ros2/install/articubot_one/share/articubot_one/cmake/articubot_oneConfig-version.cmake
[2.679s] -- Symlinking: /sbx/ros2/install/articubot_one/share/articubot_one/package.xml
[2.738s] Invoked command in '/sbx/ros2/build/articubot_one' returned '0': CMAKE_PREFIX_PATH=/opt/ros/humble /usr/bin/cmake --install /sbx/ros2/build/articubot_one
