[0.020s] Invoking command in '/sbx/ros2/build/serial': CMAKE_PREFIX_PATH=/opt/ros/humble /usr/bin/cmake /sbx/ros2/src/serial -DAMENT_CMAKE_SYMLINK_INSTALL=1 -DCMAKE_INSTALL_PREFIX=/sbx/ros2/install/serial
[0.146s] -- The C compiler identification is GNU 11.4.0
[0.262s] -- The CXX compiler identification is GNU 11.4.0
[0.273s] -- Detecting C compiler ABI info
[0.420s] -- Detecting C compiler ABI info - done
[0.431s] -- Check for working C compiler: /usr/bin/cc - skipped
[0.431s] -- Detecting C compile features
[0.432s] -- Detecting C compile features - done
[0.437s] -- Detecting CXX compiler ABI info
[0.600s] -- Detecting CXX compiler ABI info - done
[0.611s] -- Check for working CXX compiler: /usr/bin/c++ - skipped
[0.611s] -- Detecting CXX compile features
[0.612s] -- Detecting CXX compile features - done
[0.615s] -- Found ament_cmake: 1.3.11 (/opt/ros/humble/share/ament_cmake/cmake)
[0.868s] -- Found Python3: /usr/bin/python3 (found version "3.10.12") found components: Interpreter 
[0.987s] -- Override CMake install command with custom implementation using symlinks instead of copying resources
[1.023s] -- Found ament_cmake_gtest: 1.3.11 (/opt/ros/humble/share/ament_cmake_gtest/cmake)
[1.033s] -- Found Boost: /usr/lib/aarch64-linux-gnu/cmake/Boost-1.74.0/BoostConfig.cmake (found version "1.74.0")  
[1.037s] -- Found gtest sources under '/opt/ros/humble/src/gtest_vendor': C++ tests using 'Google Test' will be built
[1.040s] -- Looking for pthread.h
[1.175s] -- Looking for pthread.h - found
[1.175s] -- Performing Test CMAKE_HAVE_LIBC_PTHREAD
[1.318s] -- Performing Test CMAKE_HAVE_LIBC_PTHREAD - Success
[1.320s] -- Found Threads: TRUE  
[1.456s] -- Configuring done
[1.475s] -- Generating done
[1.481s] -- Build files have been written to: /sbx/ros2/build/serial
[1.495s] Invoked command in '/sbx/ros2/build/serial' returned '0': CMAKE_PREFIX_PATH=/opt/ros/humble /usr/bin/cmake /sbx/ros2/src/serial -DAMENT_CMAKE_SYMLINK_INSTALL=1 -DCMAKE_INSTALL_PREFIX=/sbx/ros2/install/serial
[1.497s] Invoking command in '/sbx/ros2/build/serial': CMAKE_PREFIX_PATH=/opt/ros/humble /usr/bin/cmake --build /sbx/ros2/build/serial -- -j4 -l4
[1.588s] [  7%] [32mBuilding CXX object CMakeFiles/serial.dir/src/serial.cc.o[0m
[1.598s] [ 14%] [32mBuilding CXX object CMakeFiles/serial.dir/src/impl/unix.cc.o[0m
[1.599s] [ 21%] [32mBuilding CXX object gtest/CMakeFiles/gtest_main.dir/src/gtest_main.cc.o[0m
[1.617s] [ 28%] [32mBuilding CXX object gtest/CMakeFiles/gtest.dir/src/gtest-all.cc.o[0m
[2.942s] [ 35%] [32mBuilding CXX object CMakeFiles/serial.dir/src/impl/list_ports/list_ports_linux.cc.o[0m
[4.147s] [ 42%] [32m[1mLinking CXX static library libserial.a[0m
[4.233s] [ 42%] Built target serial
[4.239s] [ 50%] [32m[1mLinking CXX static library libgtest_main.a[0m
[4.282s] [ 57%] [32mBuilding CXX object CMakeFiles/serial_example.dir/examples/serial_example.cc.o[0m
[4.355s] [ 57%] Built target gtest_main
[4.878s] [ 64%] [32m[1mLinking CXX executable serial_example[0m
[5.057s] [ 64%] Built target serial_example
[8.073s] [ 71%] [32m[1mLinking CXX static library libgtest.a[0m
[8.182s] [ 71%] Built target gtest
[8.218s] [ 85%] [32mBuilding CXX object tests/CMakeFiles/serial-test-timer.dir/unit/unix_timer_tests.cc.o[0m
[8.218s] [ 85%] [32mBuilding CXX object tests/CMakeFiles/serial-test.dir/unix_serial_tests.cc.o[0m
[10.048s] In file included from [01m[K/usr/include/boost/bind.hpp:30[m[K,
[10.049s]                  from [01m[K/sbx/ros2/src/serial/tests/unix_serial_tests.cc:23[m[K:
[10.049s] [01m[K/usr/include/boost/bind.hpp:36:1:[m[K [01;36m[Knote: [m[K‘[01m[K#pragma message: The practice of declaring the Bind placeholders (_1, _2, ...) in the global namespace is deprecated. Please use <boost/bind/bind.hpp> + using namespace boost::placeholders, or define BOOST_BIND_GLOBAL_PLACEHOLDERS to retain the current behavior.[m[K’
[10.049s]    36 | [01;36m[KBOOST_PRAGMA_MESSAGE[m[K(
[10.049s]       | [01;36m[K^~~~~~~~~~~~~~~~~~~~[m[K
[10.312s] [ 92%] [32m[1mLinking CXX executable serial-test-timer[0m
[10.558s] [100%] [32m[1mLinking CXX executable serial-test[0m
[10.662s] [100%] Built target serial-test-timer
[10.834s] [100%] Built target serial-test
[10.854s] Invoked command in '/sbx/ros2/build/serial' returned '0': CMAKE_PREFIX_PATH=/opt/ros/humble /usr/bin/cmake --build /sbx/ros2/build/serial -- -j4 -l4
[10.857s] Invoking command in '/sbx/ros2/build/serial': CMAKE_PREFIX_PATH=/opt/ros/humble /usr/bin/cmake --install /sbx/ros2/build/serial
[10.869s] -- Install configuration: ""
[10.870s] -- Execute custom install script
[10.870s] -- Symlinking: /sbx/ros2/install/serial/lib/libserial.a
[10.885s] -- Symlinking: /sbx/ros2/install/serial/include/serial/serial.h
[10.901s] -- Symlinking: /sbx/ros2/install/serial/include/serial/v8stdint.h
[10.916s] -- Symlinking: /sbx/ros2/install/serial/share/serial/environment/library_path.sh
[10.932s] -- Symlinking: /sbx/ros2/install/serial/share/serial/environment/library_path.dsv
[10.948s] -- Symlinking: /sbx/ros2/install/serial/share/ament_index/resource_index/package_run_dependencies/serial
[10.964s] -- Symlinking: /sbx/ros2/install/serial/share/ament_index/resource_index/parent_prefix_path/serial
[10.979s] -- Symlinking: /sbx/ros2/install/serial/share/serial/environment/ament_prefix_path.sh
[10.995s] -- Symlinking: /sbx/ros2/install/serial/share/serial/environment/ament_prefix_path.dsv
[11.011s] -- Symlinking: /sbx/ros2/install/serial/share/serial/environment/path.sh
[11.027s] -- Symlinking: /sbx/ros2/install/serial/share/serial/environment/path.dsv
[11.050s] -- Symlinking: /sbx/ros2/install/serial/share/serial/local_setup.bash
[11.067s] -- Symlinking: /sbx/ros2/install/serial/share/serial/local_setup.sh
[11.082s] -- Symlinking: /sbx/ros2/install/serial/share/serial/local_setup.zsh
[11.098s] -- Symlinking: /sbx/ros2/install/serial/share/serial/local_setup.dsv
[11.113s] -- Symlinking: /sbx/ros2/install/serial/share/serial/package.dsv
[11.129s] -- Symlinking: /sbx/ros2/install/serial/share/ament_index/resource_index/packages/serial
[11.144s] -- Symlinking: /sbx/ros2/install/serial/share/serial/cmake/ament_cmake_export_include_directories-extras.cmake
[11.167s] -- Symlinking: /sbx/ros2/install/serial/share/serial/cmake/ament_cmake_export_libraries-extras.cmake
[11.184s] -- Symlinking: /sbx/ros2/install/serial/share/serial/cmake/serialConfig.cmake
[11.201s] -- Symlinking: /sbx/ros2/install/serial/share/serial/cmake/serialConfig-version.cmake
[11.217s] -- Symlinking: /sbx/ros2/install/serial/share/serial/package.xml
[11.239s] Invoked command in '/sbx/ros2/build/serial' returned '0': CMAKE_PREFIX_PATH=/opt/ros/humble /usr/bin/cmake --install /sbx/ros2/build/serial
