[0.017s] Invoking command in '/sbx/ros2/build/diffdrive_arduino': CMAKE_PREFIX_PATH=/opt/ros/humble /usr/bin/cmake /sbx/ros2/src/diffdrive_arduino -DAMENT_CMAKE_SYMLINK_INSTALL=1 -DCMAKE_INSTALL_PREFIX=/sbx/ros2/install/diffdrive_arduino
[0.163s] -- The CXX compiler identification is GNU 11.4.0
[0.174s] -- Detecting CXX compiler ABI info
[0.341s] -- Detecting CXX compiler ABI info - done
[0.352s] -- Check for working CXX compiler: /usr/bin/c++ - skipped
[0.353s] -- Detecting CXX compile features
[0.353s] -- Detecting CXX compile features - done
[0.357s] -- Found ament_cmake: 1.3.11 (/opt/ros/humble/share/ament_cmake/cmake)
[0.616s] -- Found Python3: /usr/bin/python3 (found version "3.10.12") found components: Interpreter 
[0.758s] -- Override CMake install command with custom implementation using symlinks instead of copying resources
[0.799s] -- Found hardware_interface: 2.50.0 (/opt/ros/humble/share/hardware_interface/cmake)
[0.856s] -- Found rosidl_generator_c: 3.1.6 (/opt/ros/humble/share/rosidl_generator_c/cmake)
[0.865s] -- Found rosidl_adapter: 3.1.6 (/opt/ros/humble/share/rosidl_adapter/cmake)
[0.879s] -- Found rosidl_generator_cpp: 3.1.6 (/opt/ros/humble/share/rosidl_generator_cpp/cmake)
[0.898s] -- Using all available rosidl_typesupport_c: rosidl_typesupport_fastrtps_c;rosidl_typesupport_introspection_c
[0.924s] -- Using all available rosidl_typesupport_cpp: rosidl_typesupport_fastrtps_cpp;rosidl_typesupport_introspection_cpp
[1.245s] -- Found rmw_implementation_cmake: 6.1.2 (/opt/ros/humble/share/rmw_implementation_cmake/cmake)
[1.249s] -- Found rmw_fastrtps_cpp: 6.2.7 (/opt/ros/humble/share/rmw_fastrtps_cpp/cmake)
[1.295s] -- Found TinyXML2 via Config file: TinyXML2_DIR-NOTFOUND
[1.408s] -- Found OpenSSL: /usr/lib/aarch64-linux-gnu/libcrypto.so (found version "3.0.2")  
[1.413s] -- Found TinyXML2 via Config file: TinyXML2_DIR-NOTFOUND
[1.431s] -- Found FastRTPS: /opt/ros/humble/include  
[1.438s] -- Found TinyXML2 via Config file: TinyXML2_DIR-NOTFOUND
[1.454s] -- Found TinyXML2 via Config file: TinyXML2_DIR-NOTFOUND
[1.472s] -- Using RMW implementation 'rmw_fastrtps_cpp' as default
[1.483s] -- Looking for C++ include pthread.h
[1.735s] -- Looking for C++ include pthread.h - found
[1.740s] -- Performing Test CMAKE_HAVE_LIBC_PTHREAD
[2.130s] -- Performing Test CMAKE_HAVE_LIBC_PTHREAD - Success
[2.134s] -- Found Threads: TRUE  
[2.380s] -- Found ament_cmake_gtest: 1.3.11 (/opt/ros/humble/share/ament_cmake_gtest/cmake)
[2.667s] -- Configuring done
[2.799s] -- Generating done
[2.817s] -- Build files have been written to: /sbx/ros2/build/diffdrive_arduino
[2.865s] Invoked command in '/sbx/ros2/build/diffdrive_arduino' returned '0': CMAKE_PREFIX_PATH=/opt/ros/humble /usr/bin/cmake /sbx/ros2/src/diffdrive_arduino -DAMENT_CMAKE_SYMLINK_INSTALL=1 -DCMAKE_INSTALL_PREFIX=/sbx/ros2/install/diffdrive_arduino
[2.866s] Invoking command in '/sbx/ros2/build/diffdrive_arduino': CMAKE_PREFIX_PATH=/opt/ros/humble /usr/bin/cmake --build /sbx/ros2/build/diffdrive_arduino -- -j4 -l4
[3.063s] [ 50%] [32mBuilding CXX object CMakeFiles/diffdrive_arduino.dir/hardware/diffbot_system.cpp.o[0m
[10.144s] [100%] [32m[1mLinking CXX shared library libdiffdrive_arduino.so[0m
[10.680s] [100%] Built target diffdrive_arduino
[10.705s] Invoked command in '/sbx/ros2/build/diffdrive_arduino' returned '0': CMAKE_PREFIX_PATH=/opt/ros/humble /usr/bin/cmake --build /sbx/ros2/build/diffdrive_arduino -- -j4 -l4
[10.706s] Invoking command in '/sbx/ros2/build/diffdrive_arduino': CMAKE_PREFIX_PATH=/opt/ros/humble /usr/bin/cmake --install /sbx/ros2/build/diffdrive_arduino
[10.720s] -- Install configuration: ""
[10.721s] -- Execute custom install script
[10.721s] -- Symlinking: /sbx/ros2/install/diffdrive_arduino/share/diffdrive_arduino//diffdrive_arduino.xml
[10.738s] -- Symlinking: /sbx/ros2/install/diffdrive_arduino/include/diffdrive_arduino/diffdrive_arduino/arduino_comms.hpp
[10.756s] -- Symlinking: /sbx/ros2/install/diffdrive_arduino/include/diffdrive_arduino/diffdrive_arduino/diffbot_system.hpp
[10.774s] -- Symlinking: /sbx/ros2/install/diffdrive_arduino/include/diffdrive_arduino/diffdrive_arduino/visibility_control.h
[10.790s] -- Symlinking: /sbx/ros2/install/diffdrive_arduino/include/diffdrive_arduino/diffdrive_arduino/wheel.hpp
[10.807s] -- Symlinking: /sbx/ros2/install/diffdrive_arduino/share/diffdrive_arduino/launch/view_robot.launch.py
[10.824s] -- Symlinking: /sbx/ros2/install/diffdrive_arduino/share/diffdrive_arduino/ros2_control/diffbot.ros2_control.xacro
[10.841s] -- Symlinking: /sbx/ros2/install/diffdrive_arduino/share/diffdrive_arduino/urdf/diffbot.materials.xacro
[10.855s] -- Symlinking: /sbx/ros2/install/diffdrive_arduino/share/diffdrive_arduino/urdf/diffbot.urdf.xacro
[10.872s] -- Symlinking: /sbx/ros2/install/diffdrive_arduino/share/diffdrive_arduino/urdf/diffbot_description.urdf.xacro
[10.888s] -- Symlinking: /sbx/ros2/install/diffdrive_arduino/share/diffdrive_arduino/rviz/diffbot.rviz
[10.905s] -- Symlinking: /sbx/ros2/install/diffdrive_arduino/share/diffdrive_arduino/rviz/diffbot_view.rviz
[10.921s] -- Symlinking: /sbx/ros2/install/diffdrive_arduino/share/diffdrive_arduino/launch/diffbot.launch.py
[10.937s] -- Symlinking: /sbx/ros2/install/diffdrive_arduino/share/diffdrive_arduino/config/diffbot_controllers.yaml
[10.952s] -- Symlinking: /sbx/ros2/install/diffdrive_arduino/share/diffdrive_arduino/environment/library_path.sh
[10.968s] -- Symlinking: /sbx/ros2/install/diffdrive_arduino/share/diffdrive_arduino/environment/library_path.dsv
[10.984s] -- Symlinking: /sbx/ros2/install/diffdrive_arduino/share/ament_index/resource_index/package_run_dependencies/diffdrive_arduino
[11.000s] -- Symlinking: /sbx/ros2/install/diffdrive_arduino/share/ament_index/resource_index/parent_prefix_path/diffdrive_arduino
[11.015s] -- Symlinking: /sbx/ros2/install/diffdrive_arduino/share/diffdrive_arduino/environment/ament_prefix_path.sh
[11.031s] -- Symlinking: /sbx/ros2/install/diffdrive_arduino/share/diffdrive_arduino/environment/ament_prefix_path.dsv
[11.054s] -- Symlinking: /sbx/ros2/install/diffdrive_arduino/share/diffdrive_arduino/environment/path.sh
[11.071s] -- Symlinking: /sbx/ros2/install/diffdrive_arduino/share/diffdrive_arduino/environment/path.dsv
[11.087s] -- Symlinking: /sbx/ros2/install/diffdrive_arduino/share/diffdrive_arduino/local_setup.bash
[11.103s] -- Symlinking: /sbx/ros2/install/diffdrive_arduino/share/diffdrive_arduino/local_setup.sh
[11.118s] -- Symlinking: /sbx/ros2/install/diffdrive_arduino/share/diffdrive_arduino/local_setup.zsh
[11.134s] -- Symlinking: /sbx/ros2/install/diffdrive_arduino/share/diffdrive_arduino/local_setup.dsv
[11.149s] -- Symlinking: /sbx/ros2/install/diffdrive_arduino/share/diffdrive_arduino/package.dsv
[11.172s] -- Symlinking: /sbx/ros2/install/diffdrive_arduino/share/ament_index/resource_index/packages/diffdrive_arduino
[11.189s] -- Symlinking: /sbx/ros2/install/diffdrive_arduino/share/ament_index/resource_index/hardware_interface__pluginlib__plugin/diffdrive_arduino
[11.205s] -- Symlinking: /sbx/ros2/install/diffdrive_arduino/share/diffdrive_arduino/cmake/ament_cmake_export_targets-extras.cmake
[11.222s] -- Symlinking: /sbx/ros2/install/diffdrive_arduino/share/diffdrive_arduino/cmake/ament_cmake_export_dependencies-extras.cmake
[11.240s] -- Symlinking: /sbx/ros2/install/diffdrive_arduino/share/diffdrive_arduino/cmake/diffdrive_arduinoConfig.cmake
[11.257s] -- Symlinking: /sbx/ros2/install/diffdrive_arduino/share/diffdrive_arduino/cmake/diffdrive_arduinoConfig-version.cmake
[11.273s] -- Symlinking: /sbx/ros2/install/diffdrive_arduino/share/diffdrive_arduino/package.xml
[11.288s] -- Installing: /sbx/ros2/install/diffdrive_arduino/lib/libdiffdrive_arduino.so
[11.290s] -- Set runtime path of "/sbx/ros2/install/diffdrive_arduino/lib/libdiffdrive_arduino.so" to ""
[11.290s] -- Installing: /sbx/ros2/install/diffdrive_arduino/share/diffdrive_arduino/cmake/export_diffdrive_arduinoExport.cmake
[11.290s] -- Installing: /sbx/ros2/install/diffdrive_arduino/share/diffdrive_arduino/cmake/export_diffdrive_arduinoExport-noconfig.cmake
[11.294s] Invoked command in '/sbx/ros2/build/diffdrive_arduino' returned '0': CMAKE_PREFIX_PATH=/opt/ros/humble /usr/bin/cmake --install /sbx/ros2/build/diffdrive_arduino
